286555 [qtp1613424566-15] DEBUG c.e.b.c.r.DevelopersController - create() Developer Developers{developerId=null, firstName='ss', lastName='Lopatass'}
286557 [qtp1613424566-15] DEBUG c.e.b.c.s.DevelopersServiceImpl - create() developer = Developers{developerId=null, firstName='ss', lastName='Lopatass'}
286557 [qtp1613424566-15] DEBUG c.e.b.c.d.DevelopersJdbcDaoImpl - Create developer = Developers{developerId=null, firstName='ss', lastName='Lopatass'} 
286560 [qtp1613424566-15] DEBUG c.e.b.c.d.DevelopersJdbcDaoImpl - Res = 1 
286812 [qtp1613424566-17] DEBUG c.e.b.c.r.DevelopersController - findAll()
286812 [qtp1613424566-17] DEBUG c.e.b.c.s.DevelopersServiceImpl - findAll()
286812 [qtp1613424566-17] DEBUG c.e.b.c.d.DevelopersJdbcDaoImpl - FindAll
295145 [qtp1613424566-20] DEBUG c.e.b.c.r.ProjectsDtoController - findAll()
295146 [qtp1613424566-20] DEBUG c.e.b.c.s.ProjectsDtoServiceImpl - Count of developers - countOfDevelopers()
295146 [qtp1613424566-20] DEBUG c.e.b.c.d.ProjectJdbcDaoDtoImpl - CountOfDevelopers()
297025 [qtp1613424566-15] DEBUG c.e.b.c.rest_app.ProjectsController - findById
297026 [qtp1613424566-15] DEBUG c.e.b.c.service.ProjectsServiceImpl - Find by id - findById() projectId = 3
297033 [qtp1613424566-15] DEBUG c.e.b.c.daoImpl.ProjectJdbcDaoImpl - List of projects - size=:  1 
297045 [qtp1613424566-20] DEBUG c.e.b.c.r.Projects_DevelopersController - selectDevelopersFromProjects_Developers(3)
297045 [qtp1613424566-20] DEBUG c.e.b.c.s.Projects_DevelopersServiceImpl - SERVICE selectDevelopersFromProjects_Developers(). Project id = 3
297045 [qtp1613424566-20] DEBUG c.e.b.c.d.Projects_DevelopersJdbcDaoImpl - DAO SelectDeveloperFromProjects_Developers(). Project id = 3
297050 [qtp1613424566-20] DEBUG c.e.b.c.s.Projects_DevelopersServiceImpl - Developer's list size = 1
297056 [qtp1613424566-15] DEBUG c.e.b.c.r.DevelopersController - findAll()
297056 [qtp1613424566-15] DEBUG c.e.b.c.s.DevelopersServiceImpl - findAll()
297056 [qtp1613424566-15] DEBUG c.e.b.c.d.DevelopersJdbcDaoImpl - FindAll
306360 [qtp1613424566-17] DEBUG c.e.b.c.r.Projects_DevelopersController - findByIdFromProjects_Develoers(3,9)
306360 [qtp1613424566-17] DEBUG c.e.b.c.s.Projects_DevelopersServiceImpl - SERVICE findByIdFromProjects_Develoers(). Developer id = 9. ProjectId = 3
306361 [qtp1613424566-17] DEBUG c.e.b.c.d.Projects_DevelopersJdbcDaoImpl - DAO. findByIdFromProjects_Develoers();
306363 [qtp1613424566-17] DEBUG c.e.b.c.r.Projects_DevelopersController - ______PROJECTS_DEVELOPERS______(Optional.empty)
306372 [qtp1613424566-20] DEBUG c.e.b.c.r.Projects_DevelopersController - RESTaddDeveloperToProjects_Developers(3,9)
306372 [qtp1613424566-20] DEBUG c.e.b.c.s.Projects_DevelopersServiceImpl - SERVICE addDeveloperToProjects_Developers(). Project id = 3, Developer id = 9
306373 [qtp1613424566-20] DEBUG c.e.b.c.d.Projects_DevelopersJdbcDaoImpl - DAO addDeveloperToProjects_Developers() Project id = 3. Developer id = 9
306382 [qtp1613424566-16] DEBUG c.e.b.c.rest_app.ProjectsController - findById
306382 [qtp1613424566-16] DEBUG c.e.b.c.service.ProjectsServiceImpl - Find by id - findById() projectId = 3
306384 [qtp1613424566-16] DEBUG c.e.b.c.daoImpl.ProjectJdbcDaoImpl - List of projects - size=:  1 
306391 [qtp1613424566-15] DEBUG c.e.b.c.r.Projects_DevelopersController - selectDevelopersFromProjects_Developers(3)
306391 [qtp1613424566-15] DEBUG c.e.b.c.s.Projects_DevelopersServiceImpl - SERVICE selectDevelopersFromProjects_Developers(). Project id = 3
306391 [qtp1613424566-15] DEBUG c.e.b.c.d.Projects_DevelopersJdbcDaoImpl - DAO SelectDeveloperFromProjects_Developers(). Project id = 3
306397 [qtp1613424566-15] DEBUG c.e.b.c.s.Projects_DevelopersServiceImpl - Developer's list size = 2
306416 [qtp1613424566-20] DEBUG c.e.b.c.r.DevelopersController - findAll()
306417 [qtp1613424566-20] DEBUG c.e.b.c.s.DevelopersServiceImpl - findAll()
306417 [qtp1613424566-20] DEBUG c.e.b.c.d.DevelopersJdbcDaoImpl - FindAll
309040 [qtp1613424566-15] DEBUG c.e.b.c.rest_app.ProjectsController - updateProjectt(Project{projectId=3, description='Create a web application based on Hibernate', dateAdded=2020-01-17})
309040 [qtp1613424566-15] DEBUG c.e.b.c.service.ProjectsServiceImpl - Update project - update(): project = Project{projectId=3, description='Create a web application based on Hibernate', dateAdded=2020-01-17}
309040 [qtp1613424566-15] DEBUG c.e.b.c.daoImpl.ProjectJdbcDaoImpl - Date = :      2020-01-17
309053 [qtp1613424566-20] DEBUG c.e.b.c.r.ProjectsDtoController - findAll()
309053 [qtp1613424566-20] DEBUG c.e.b.c.s.ProjectsDtoServiceImpl - Count of developers - countOfDevelopers()
309053 [qtp1613424566-20] DEBUG c.e.b.c.d.ProjectJdbcDaoDtoImpl - CountOfDevelopers()
