151200 [qtp1613424566-16] DEBUG c.e.b.c.r.ProjectsDtoController - findAll()
151208 [qtp1613424566-16] DEBUG c.e.b.c.s.ProjectsDtoServiceImpl - Count of developers - countOfDevelopers()
151209 [qtp1613424566-16] DEBUG c.e.b.c.d.ProjectJdbcDaoDtoImpl - CountOfDevelopers()
169872 [qtp1613424566-16] DEBUG c.e.b.c.rest_app.ProjectsController - Add project Project{projectId=null, description='My project', dateAdded=2020-05-11}
169880 [qtp1613424566-16] DEBUG c.e.b.c.service.ProjectsServiceImpl - Create project - create(): project = Project{projectId=null, description='My project', dateAdded=2020-05-11}
169907 [qtp1613424566-16] DEBUG c.e.b.c.daoImpl.ProjectJdbcDaoImpl - Create new project Project{projectId=null, description='My project', dateAdded=2020-05-11}
169927 [qtp1613424566-16] DEBUG c.e.b.c.daoImpl.ProjectJdbcDaoImpl - Date 2020-05-11
169955 [qtp1613424566-17] DEBUG c.e.b.c.r.ProjectsDtoController - findAll()
169955 [qtp1613424566-17] DEBUG c.e.b.c.s.ProjectsDtoServiceImpl - Count of developers - countOfDevelopers()
169955 [qtp1613424566-17] DEBUG c.e.b.c.d.ProjectJdbcDaoDtoImpl - CountOfDevelopers()
183494 [qtp1613424566-20] DEBUG c.e.b.c.rest_app.ProjectsController - findById
183494 [qtp1613424566-20] DEBUG c.e.b.c.service.ProjectsServiceImpl - Find by id - findById() projectId = 4
183521 [qtp1613424566-20] DEBUG c.e.b.c.daoImpl.ProjectJdbcDaoImpl - List of projects - size=:  1 
183580 [qtp1613424566-17] DEBUG c.e.b.c.r.Projects_DevelopersController - selectDevelopersFromProjects_Developers(4)
183583 [qtp1613424566-17] DEBUG c.e.b.c.s.Projects_DevelopersServiceImpl - SERVICE selectDevelopersFromProjects_Developers(). Project id = 4
183588 [qtp1613424566-17] DEBUG c.e.b.c.d.Projects_DevelopersJdbcDaoImpl - DAO SelectDeveloperFromProjects_Developers(). Project id = 4
183614 [qtp1613424566-17] DEBUG c.e.b.c.s.Projects_DevelopersServiceImpl - Developer's list size = 0
183624 [qtp1613424566-20] DEBUG c.e.b.c.r.DevelopersController - findAll()
183624 [qtp1613424566-20] DEBUG c.e.b.c.s.DevelopersServiceImpl - findAll()
183624 [qtp1613424566-20] DEBUG c.e.b.c.d.DevelopersJdbcDaoImpl - FindAll
192340 [qtp1613424566-16] DEBUG c.e.b.c.rest_app.ProjectsController - findById
192341 [qtp1613424566-16] DEBUG c.e.b.c.service.ProjectsServiceImpl - Find by id - findById() projectId = 4
192354 [qtp1613424566-16] DEBUG c.e.b.c.daoImpl.ProjectJdbcDaoImpl - List of projects - size=:  1 
192369 [qtp1613424566-17] DEBUG c.e.b.c.r.Projects_DevelopersController - selectDevelopersFromProjects_Developers(4)
192369 [qtp1613424566-17] DEBUG c.e.b.c.s.Projects_DevelopersServiceImpl - SERVICE selectDevelopersFromProjects_Developers(). Project id = 4
192369 [qtp1613424566-17] DEBUG c.e.b.c.d.Projects_DevelopersJdbcDaoImpl - DAO SelectDeveloperFromProjects_Developers(). Project id = 4
192372 [qtp1613424566-17] DEBUG c.e.b.c.s.Projects_DevelopersServiceImpl - Developer's list size = 0
192378 [qtp1613424566-18] DEBUG c.e.b.c.r.DevelopersController - findAll()
192379 [qtp1613424566-18] DEBUG c.e.b.c.s.DevelopersServiceImpl - findAll()
192379 [qtp1613424566-18] DEBUG c.e.b.c.d.DevelopersJdbcDaoImpl - FindAll
198525 [qtp1613424566-20] DEBUG c.e.b.c.rest_app.ProjectsController - updateProjectt(Project{projectId=4, description='My project 2222222222', dateAdded=2020-05-11})
198527 [qtp1613424566-20] DEBUG c.e.b.c.service.ProjectsServiceImpl - Update project - update(): project = Project{projectId=4, description='My project 2222222222', dateAdded=2020-05-11}
198528 [qtp1613424566-20] DEBUG c.e.b.c.daoImpl.ProjectJdbcDaoImpl - Date = :      2020-05-11
198572 [qtp1613424566-17] DEBUG c.e.b.c.r.ProjectsDtoController - findAll()
198572 [qtp1613424566-17] DEBUG c.e.b.c.s.ProjectsDtoServiceImpl - Count of developers - countOfDevelopers()
198572 [qtp1613424566-17] DEBUG c.e.b.c.d.ProjectJdbcDaoDtoImpl - CountOfDevelopers()
205134 [qtp1613424566-18] DEBUG c.e.b.c.rest_app.ProjectsController - findById
205135 [qtp1613424566-18] DEBUG c.e.b.c.service.ProjectsServiceImpl - Find by id - findById() projectId = 4
205148 [qtp1613424566-18] DEBUG c.e.b.c.daoImpl.ProjectJdbcDaoImpl - List of projects - size=:  1 
205156 [qtp1613424566-20] DEBUG c.e.b.c.r.Projects_DevelopersController - selectDevelopersFromProjects_Developers(4)
205157 [qtp1613424566-20] DEBUG c.e.b.c.s.Projects_DevelopersServiceImpl - SERVICE selectDevelopersFromProjects_Developers(). Project id = 4
205157 [qtp1613424566-20] DEBUG c.e.b.c.d.Projects_DevelopersJdbcDaoImpl - DAO SelectDeveloperFromProjects_Developers(). Project id = 4
205158 [qtp1613424566-20] DEBUG c.e.b.c.s.Projects_DevelopersServiceImpl - Developer's list size = 0
205164 [qtp1613424566-15] DEBUG c.e.b.c.r.DevelopersController - findAll()
205164 [qtp1613424566-15] DEBUG c.e.b.c.s.DevelopersServiceImpl - findAll()
205164 [qtp1613424566-15] DEBUG c.e.b.c.d.DevelopersJdbcDaoImpl - FindAll
