195975 [qtp193156903-15] DEBUG c.e.b.c.rest_app.ProjectsController - Add project Project{projectId=null, description='sdfghjk', dateAdded=2020-05-06}
196091 [qtp193156903-15] DEBUG c.e.b.c.service.ProjectsServiceImpl - Create project - create(): project = Project{projectId=null, description='sdfghjk', dateAdded=2020-05-06}
196404 [qtp193156903-15] DEBUG c.e.b.c.daoImpl.ProjectJdbcDaoImpl - Create new project Project{projectId=null, description='sdfghjk', dateAdded=2020-05-06}
196588 [qtp193156903-15] DEBUG c.e.b.c.daoImpl.ProjectJdbcDaoImpl - Date 2020-05-06
196795 [qtp193156903-20] DEBUG c.e.b.c.r.ProjectsDtoController - findAll()
196797 [qtp193156903-20] DEBUG c.e.b.c.s.ProjectsDtoServiceImpl - Count of developers - countOfDevelopers()
196797 [qtp193156903-20] DEBUG c.e.b.c.d.ProjectJdbcDaoDtoImpl - CountOfDevelopers()
200759 [qtp193156903-16] DEBUG c.e.b.c.rest_app.ProjectsController - findById
200761 [qtp193156903-16] DEBUG c.e.b.c.service.ProjectsServiceImpl - Find by id - findById() projectId = 4
200788 [qtp193156903-16] DEBUG c.e.b.c.daoImpl.ProjectJdbcDaoImpl - List of projects - size=:  1 
200904 [qtp193156903-20] DEBUG c.e.b.c.r.Projects_DevelopersController - selectDevelopersFromProjects_Developers(4)
200904 [qtp193156903-20] DEBUG c.e.b.c.s.Projects_DevelopersServiceImpl - SERVICE selectDevelopersFromProjects_Developers(). Project id = 4
200905 [qtp193156903-20] DEBUG c.e.b.c.d.Projects_DevelopersJdbcDaoImpl - DAO SelectDeveloperFromProjects_Developers(). Project id = 4
200916 [qtp193156903-20] DEBUG c.e.b.c.s.Projects_DevelopersServiceImpl - Developer's list size = 0
200921 [qtp193156903-16] DEBUG c.e.b.c.r.DevelopersController - findAll()
200922 [qtp193156903-16] DEBUG c.e.b.c.s.DevelopersServiceImpl - findAll()
200922 [qtp193156903-16] DEBUG c.e.b.c.d.DevelopersJdbcDaoImpl - FindAll
204949 [qtp193156903-15] DEBUG c.e.b.c.r.Projects_DevelopersController - findByIdFromProjects_Develoers(4,1)
204951 [qtp193156903-15] DEBUG c.e.b.c.s.Projects_DevelopersServiceImpl - SERVICE findByIdFromProjects_Develoers(). Developer id = 1. ProjectId = 4
204952 [qtp193156903-15] DEBUG c.e.b.c.d.Projects_DevelopersJdbcDaoImpl - DAO. findByIdFromProjects_Develoers();
204964 [qtp193156903-15] DEBUG c.e.b.c.r.Projects_DevelopersController - ______PROJECTS_DEVELOPERS______(Optional.empty)
205078 [qtp193156903-16] DEBUG c.e.b.c.r.Projects_DevelopersController - RESTaddDeveloperToProjects_Developers(4,1)
205078 [qtp193156903-16] DEBUG c.e.b.c.s.Projects_DevelopersServiceImpl - SERVICE addDeveloperToProjects_Developers(). Project id = 4, Developer id = 1
205079 [qtp193156903-16] DEBUG c.e.b.c.d.Projects_DevelopersJdbcDaoImpl - DAO addDeveloperToProjects_Developers() Project id = 4. Developer id = 1
205113 [qtp193156903-16] DEBUG c.e.b.c.rest_app.ProjectsController - findById
205114 [qtp193156903-16] DEBUG c.e.b.c.service.ProjectsServiceImpl - Find by id - findById() projectId = 4
205122 [qtp193156903-16] DEBUG c.e.b.c.daoImpl.ProjectJdbcDaoImpl - List of projects - size=:  1 
205148 [qtp193156903-20] DEBUG c.e.b.c.r.Projects_DevelopersController - selectDevelopersFromProjects_Developers(4)
205149 [qtp193156903-20] DEBUG c.e.b.c.s.Projects_DevelopersServiceImpl - SERVICE selectDevelopersFromProjects_Developers(). Project id = 4
205149 [qtp193156903-20] DEBUG c.e.b.c.d.Projects_DevelopersJdbcDaoImpl - DAO SelectDeveloperFromProjects_Developers(). Project id = 4
205155 [qtp193156903-20] DEBUG c.e.b.c.s.Projects_DevelopersServiceImpl - Developer's list size = 1
205167 [qtp193156903-15] DEBUG c.e.b.c.r.DevelopersController - findAll()
205167 [qtp193156903-15] DEBUG c.e.b.c.s.DevelopersServiceImpl - findAll()
205167 [qtp193156903-15] DEBUG c.e.b.c.d.DevelopersJdbcDaoImpl - FindAll
212946 [qtp193156903-19] DEBUG c.e.b.c.r.Projects_DevelopersController - findByIdFromProjects_Develoers(4,5)
212947 [qtp193156903-19] DEBUG c.e.b.c.s.Projects_DevelopersServiceImpl - SERVICE findByIdFromProjects_Develoers(). Developer id = 5. ProjectId = 4
212947 [qtp193156903-19] DEBUG c.e.b.c.d.Projects_DevelopersJdbcDaoImpl - DAO. findByIdFromProjects_Develoers();
212949 [qtp193156903-19] DEBUG c.e.b.c.r.Projects_DevelopersController - ______PROJECTS_DEVELOPERS______(Optional.empty)
212960 [qtp193156903-15] DEBUG c.e.b.c.r.Projects_DevelopersController - RESTaddDeveloperToProjects_Developers(4,5)
212960 [qtp193156903-15] DEBUG c.e.b.c.s.Projects_DevelopersServiceImpl - SERVICE addDeveloperToProjects_Developers(). Project id = 4, Developer id = 5
212960 [qtp193156903-15] DEBUG c.e.b.c.d.Projects_DevelopersJdbcDaoImpl - DAO addDeveloperToProjects_Developers() Project id = 4. Developer id = 5
212970 [qtp193156903-19] DEBUG c.e.b.c.rest_app.ProjectsController - findById
212970 [qtp193156903-19] DEBUG c.e.b.c.service.ProjectsServiceImpl - Find by id - findById() projectId = 4
212975 [qtp193156903-19] DEBUG c.e.b.c.daoImpl.ProjectJdbcDaoImpl - List of projects - size=:  1 
212987 [qtp193156903-15] DEBUG c.e.b.c.r.Projects_DevelopersController - selectDevelopersFromProjects_Developers(4)
212987 [qtp193156903-15] DEBUG c.e.b.c.s.Projects_DevelopersServiceImpl - SERVICE selectDevelopersFromProjects_Developers(). Project id = 4
212987 [qtp193156903-15] DEBUG c.e.b.c.d.Projects_DevelopersJdbcDaoImpl - DAO SelectDeveloperFromProjects_Developers(). Project id = 4
212992 [qtp193156903-15] DEBUG c.e.b.c.s.Projects_DevelopersServiceImpl - Developer's list size = 2
212999 [qtp193156903-19] DEBUG c.e.b.c.r.DevelopersController - findAll()
213000 [qtp193156903-19] DEBUG c.e.b.c.s.DevelopersServiceImpl - findAll()
213000 [qtp193156903-19] DEBUG c.e.b.c.d.DevelopersJdbcDaoImpl - FindAll
216721 [qtp193156903-15] DEBUG c.e.b.c.rest_app.ProjectsController - updateProjectt(Project{projectId=4, description='sdfghjk', dateAdded=2020-05-06})
216721 [qtp193156903-15] DEBUG c.e.b.c.service.ProjectsServiceImpl - Update project - update(): project = Project{projectId=4, description='sdfghjk', dateAdded=2020-05-06}
216722 [qtp193156903-15] DEBUG c.e.b.c.daoImpl.ProjectJdbcDaoImpl - Date = :      2020-05-06
216759 [qtp193156903-19] DEBUG c.e.b.c.r.ProjectsDtoController - findAll()
216759 [qtp193156903-19] DEBUG c.e.b.c.s.ProjectsDtoServiceImpl - Count of developers - countOfDevelopers()
216759 [qtp193156903-19] DEBUG c.e.b.c.d.ProjectJdbcDaoDtoImpl - CountOfDevelopers()
