2679 [main] DEBUG c.e.b.c.d.DevelopersJdbcDaoImpl - FindAll
2945 [main] DEBUG c.e.b.c.d.DevelopersJdbcDaoImpl - Delete developerId = 1
2964 [main] DEBUG c.e.b.c.d.DevelopersJdbcDaoImpl - FindById developerId = 1
3036 [main] DEBUG c.e.b.c.daoImpl.DevelopersMockTest - Id------ = 1 
3036 [main] DEBUG c.e.b.c.d.DevelopersJdbcDaoImpl - Create developer = Developers{developerId=null, firstName='Jon', lastName='Connor'} 
3038 [main] DEBUG c.e.b.c.d.DevelopersJdbcDaoImpl - Res = 0 
3430 [main] DEBUG c.e.b.c.d.DevelopersJdbcDaoImpl - Create developer = Developers{developerId=null, firstName='foHhUElKTOYmHefLLFdp', lastName='LLXYCgvNfUaIkQMpvqwW'} 
3506 [main] DEBUG c.e.b.c.d.DevelopersJdbcDaoImpl - Res = 1 
3507 [main] DEBUG c.e.b.c.d.DevelopersJdbcDaoImpl - Create developer = Developers{developerId=null, firstName='foHhUElKTOYmHefLLFdp', lastName='LLXYCgvNfUaIkQMpvqwW'} 
3512 [main] DEBUG c.e.b.c.d.DevelopersJdbcDaoImpl - Res = 1 
3616 [main] DEBUG c.e.b.c.daoImpl.ProjectJdbcDaoImpl - Create new project Project{projectId=null, description='iKuJLeKogHmpqMqtCknIRbUVeauulsvtUeZoLDKYkcrNhuvaxaInZJhAHzOkmvAaLcNGWEVpiVkTBejBbMaHdZZoytekfgZAmksP', dateAdded=2020-04-24}
3630 [main] DEBUG c.e.b.c.daoImpl.ProjectJdbcDaoImpl - Date 2020-04-24
3631 [main] DEBUG c.e.b.c.d.Projects_DevelopersJdbcDaoImpl - DAO addDeveloperToProjects_Developers() Project id = 4. Developer id = 9
3638 [main] DEBUG c.e.b.c.d.Projects_DevelopersJdbcDaoImpl - DAO addDeveloperToProjects_Developers() Project id = 4. Developer id = 10
3642 [main] DEBUG c.e.b.c.d.Projects_DevelopersJdbcDaoImpl - DAO SelectDeveloperFromProjects_Developers(). Project id = 4
3695 [main] DEBUG c.e.b.c.d.DevelopersJdbcDaoImpl - Create developer = Developers{developerId=null, firstName='uRCUcmUVqNyAKCWvPPyK', lastName='vwmudmUnOnbBsoigasyI'} 
3699 [main] DEBUG c.e.b.c.d.DevelopersJdbcDaoImpl - Res = 1 
3708 [main] DEBUG c.e.b.c.daoImpl.ProjectJdbcDaoImpl - Create new project Project{projectId=null, description='VuyHemYfginPfbiYHkWIQFWAVzMzCZcmSIMesepOvartAvXSkDRAEIlsndHxcIHhtdHCoJbeiyzuzJVEASrbLWdmeMLykZyVyPhi', dateAdded=2020-04-24}
3713 [main] DEBUG c.e.b.c.daoImpl.ProjectJdbcDaoImpl - Date 2020-04-24
3713 [main] DEBUG c.e.b.c.d.Projects_DevelopersJdbcDaoImpl - DAO addDeveloperToProjects_Developers() Project id = 5. Developer id = 11
3719 [main] DEBUG c.e.b.c.d.Projects_DevelopersJdbcDaoImpl - DAO SelectDeveloperFromProjects_Developers(). Project id = 5
3735 [main] DEBUG c.e.b.c.d.DevelopersJdbcDaoImpl - Create developer = Developers{developerId=null, firstName='bjlyakUSEWywqoSPeZuz', lastName='HwdApbEIfbWpYCEgCcLi'} 
3739 [main] DEBUG c.e.b.c.d.DevelopersJdbcDaoImpl - Res = 1 
3743 [main] DEBUG c.e.b.c.daoImpl.ProjectJdbcDaoImpl - Create new project Project{projectId=null, description='GBjuhrRpXzwoFisippKIHOoDTOyuKnEBaKDawlceqkqlaWhivusVRpCrjThfxUcbArjFswWSpuQYoTcYQmEVGLQoSRBHUfqclylr', dateAdded=2020-04-24}
3748 [main] DEBUG c.e.b.c.daoImpl.ProjectJdbcDaoImpl - Date 2020-04-24
3749 [main] DEBUG c.e.b.c.d.Projects_DevelopersJdbcDaoImpl - DAO addDeveloperToProjects_Developers() Project id = 6. Developer id = 12
3753 [main] DEBUG c.e.b.c.d.Projects_DevelopersJdbcDaoImpl - DAO SelectDeveloperFromProjects_Developers(). Project id = 6
3767 [main] DEBUG c.e.b.c.d.Projects_DevelopersJdbcDaoImpl - DAO deleteDeveloperFromProject_Developers(). Developer id = 12, Project id = 6
3777 [main] DEBUG c.e.b.c.d.Projects_DevelopersJdbcDaoImpl - DAO SelectDeveloperFromProjects_Developers(). Project id = 6
3791 [main] DEBUG c.e.b.c.d.DevelopersJdbcDaoImpl - Create developer = Developers{developerId=null, firstName='XSFrtTQAXeCWfXlyEbFx', lastName='oXYqanqegNodXanHjoSw'} 
3795 [main] DEBUG c.e.b.c.d.DevelopersJdbcDaoImpl - Res = 1 
3800 [main] DEBUG c.e.b.c.daoImpl.ProjectJdbcDaoImpl - Create new project Project{projectId=null, description='ohiFeVrZUBHXQSjbzIeenggLrszWflCMpzLztWYbNAoBjymMXQhkvnpYHOiPLnpSUxQgytcurbjmGwgAoJjLQCLkmZtddQNmsJND', dateAdded=2020-04-24}
3804 [main] DEBUG c.e.b.c.daoImpl.ProjectJdbcDaoImpl - Date 2020-04-24
3804 [main] DEBUG c.e.b.c.d.Projects_DevelopersJdbcDaoImpl - DAO addDeveloperToProjects_Developers() Project id = 7. Developer id = 13
3809 [main] DEBUG c.e.b.c.d.Projects_DevelopersJdbcDaoImpl - DAO. findByIdFromProjects_Develoers();
3889 [main] DEBUG c.e.b.c.d.DevelopersJdbcDaoImpl - FindAll
3939 [main] DEBUG c.e.b.c.d.DevelopersJdbcDaoImpl - Create developer = Developers{developerId=null, firstName='oKgHaNetyOVCDiGrwupe', lastName='WrwokeheiKbfdbVMUPHo'} 
3946 [main] DEBUG c.e.b.c.d.DevelopersJdbcDaoImpl - Res = 1 
3947 [main] DEBUG c.e.b.c.d.DevelopersJdbcDaoImpl - Delete developerId = 14
3951 [main] DEBUG c.e.b.c.d.DevelopersJdbcDaoImpl - FindById developerId = 14
3968 [main] DEBUG c.e.b.c.d.DevelopersJdbcDaoImpl - Create developer = Developers{developerId=null, firstName='BmEtieNJgZLYAhVcDvoM', lastName='KcKDQfveNBOpHlhuvGTl'} 
3974 [main] DEBUG c.e.b.c.d.DevelopersJdbcDaoImpl - Res = 1 
3975 [main] DEBUG c.e.b.c.d.DevelopersJdbcDaoImpl - FindById developerId = 15
3983 [main] DEBUG c.e.b.c.d.DevelopersJdbcDaoImpl - Update developer = Developers{developerId=15, firstName='TestFirstName', lastName='TestLastName'}
3991 [main] DEBUG c.e.b.c.d.DevelopersJdbcDaoImpl - Result = 1
4004 [main] DEBUG c.e.b.c.d.DevelopersJdbcDaoImpl - Create developer = Developers{developerId=null, firstName='ToLbrprsxLtYTQoYwXxH', lastName='YPraJznlPFpmFoCiQIhy'} 
4011 [main] DEBUG c.e.b.c.d.DevelopersJdbcDaoImpl - Res = 1 
4012 [main] DEBUG c.e.b.c.d.DevelopersJdbcDaoImpl - FindById developerId = 16
4025 [main] DEBUG c.e.b.c.d.DevelopersJdbcDaoImpl - Create developer = Developers{developerId=null, firstName='VyDRTFhfOHKfQBkeFMug', lastName='yvpCzYzQEgzhyEpXbPyi'} 
4035 [main] DEBUG c.e.b.c.d.DevelopersJdbcDaoImpl - Res = 1 
4035 [main] DEBUG c.e.b.c.d.DevelopersJdbcDaoImpl - FindById developerId = 17
4078 [main] DEBUG c.e.b.c.d.ProjectJdbcDaoDtoImpl - CountOfDevelopers()
4133 [main] DEBUG c.e.b.c.daoImpl.ProjectJdbcDaoImpl - Create new project Project{projectId=null, description='xnlWdQXMnfzXNOdnzXGYABANoyDlHXlxcKxYTceJMabrbWAotELVntjyFerUdMMnHiquqjynQAfmwxziPcfnMavySFqVeOZNDTFw', dateAdded=2020-04-24}
