1952 [main] DEBUG c.e.b.c.d.DevelopersJdbcDaoImpl - FindAll
2608 [main] DEBUG c.e.b.c.d.DevelopersJdbcDaoImpl - Delete developerId = 1
2630 [main] DEBUG c.e.b.c.d.DevelopersJdbcDaoImpl - FindById developerId = 1
2695 [main] DEBUG c.e.b.c.daoImpl.DevelopersMockTest - Id------ = 1 
2696 [main] DEBUG c.e.b.c.d.DevelopersJdbcDaoImpl - Create developer = Developers{developerId=null, firstName='Jon', lastName='Connor'} 
2697 [main] DEBUG c.e.b.c.d.DevelopersJdbcDaoImpl - Res = 0 
3079 [main] DEBUG c.e.b.c.d.DevelopersJdbcDaoImpl - Create developer = Developers{developerId=null, firstName='azvSqhmjoZmANJBceRBx', lastName='KIEztaTrtiODAerAqNJt'} 
3183 [main] DEBUG c.e.b.c.d.DevelopersJdbcDaoImpl - Res = 1 
3183 [main] DEBUG c.e.b.c.d.DevelopersJdbcDaoImpl - Create developer = Developers{developerId=null, firstName='azvSqhmjoZmANJBceRBx', lastName='KIEztaTrtiODAerAqNJt'} 
3187 [main] DEBUG c.e.b.c.d.DevelopersJdbcDaoImpl - Res = 1 
3269 [main] DEBUG c.e.b.c.daoImpl.ProjectJdbcDaoImpl - Create new project Project{projectId=null, description='AWObfgdqKUxZYFwASHRiYQsrPxZezCoIMXgIiOTkzpOoWnUArTdZIUhPQfCBgEkmNRIixBBlZVQyHymbQBAPLovulerRiqecMmLU', dateAdded=2020-04-28}
3289 [main] DEBUG c.e.b.c.daoImpl.ProjectJdbcDaoImpl - Date 2020-04-28
3291 [main] DEBUG c.e.b.c.d.Projects_DevelopersJdbcDaoImpl - DAO addDeveloperToProjects_Developers() Project id = 4. Developer id = 9
3298 [main] DEBUG c.e.b.c.d.Projects_DevelopersJdbcDaoImpl - DAO addDeveloperToProjects_Developers() Project id = 4. Developer id = 10
3305 [main] DEBUG c.e.b.c.d.Projects_DevelopersJdbcDaoImpl - DAO SelectDeveloperFromProjects_Developers(). Project id = 4
3353 [main] DEBUG c.e.b.c.d.DevelopersJdbcDaoImpl - Create developer = Developers{developerId=null, firstName='tSecClDXRmuvpAgiXVUI', lastName='yaqfMvzSpTXGOPEbCANe'} 
3357 [main] DEBUG c.e.b.c.d.DevelopersJdbcDaoImpl - Res = 1 
3360 [main] DEBUG c.e.b.c.daoImpl.ProjectJdbcDaoImpl - Create new project Project{projectId=null, description='UmZonvTuCyaOCilyWNCQyzaXJfzRQqFilRtILHZKFLNCotyGMFYkCiSIZlofVmeoyhSCNAYdCysuEQVuoJqBDuaToplEayPpIduC', dateAdded=2020-04-28}
3364 [main] DEBUG c.e.b.c.daoImpl.ProjectJdbcDaoImpl - Date 2020-04-28
3364 [main] DEBUG c.e.b.c.d.Projects_DevelopersJdbcDaoImpl - DAO addDeveloperToProjects_Developers() Project id = 5. Developer id = 11
3368 [main] DEBUG c.e.b.c.d.Projects_DevelopersJdbcDaoImpl - DAO SelectDeveloperFromProjects_Developers(). Project id = 5
3381 [main] DEBUG c.e.b.c.d.DevelopersJdbcDaoImpl - Create developer = Developers{developerId=null, firstName='NkQwMxuFbXGcfOeqEOcg', lastName='AZjiPbmKkZBhWhtoHVfn'} 
3385 [main] DEBUG c.e.b.c.d.DevelopersJdbcDaoImpl - Res = 1 
3391 [main] DEBUG c.e.b.c.daoImpl.ProjectJdbcDaoImpl - Create new project Project{projectId=null, description='PoZQaxtSARoGZKgDzFHRdINJukSkHPBfOWmelPzJRkZtRebWyKxgWfUcaddLfzVPQWjhYyiYbaLoyhnnHhUYmSdMeWNaZacdlsAT', dateAdded=2020-04-28}
3407 [main] DEBUG c.e.b.c.daoImpl.ProjectJdbcDaoImpl - Date 2020-04-28
3407 [main] DEBUG c.e.b.c.d.Projects_DevelopersJdbcDaoImpl - DAO addDeveloperToProjects_Developers() Project id = 6. Developer id = 12
3418 [main] DEBUG c.e.b.c.d.Projects_DevelopersJdbcDaoImpl - DAO SelectDeveloperFromProjects_Developers(). Project id = 6
3423 [main] DEBUG c.e.b.c.d.Projects_DevelopersJdbcDaoImpl - DAO deleteDeveloperFromProject_Developers(). Developer id = 12, Project id = 6
3451 [main] DEBUG c.e.b.c.d.Projects_DevelopersJdbcDaoImpl - DAO SelectDeveloperFromProjects_Developers(). Project id = 6
3473 [main] DEBUG c.e.b.c.d.DevelopersJdbcDaoImpl - Create developer = Developers{developerId=null, firstName='MqyHXEeidPHJIWiKRadb', lastName='PiCAGaWSTCHmMMfujLyJ'} 
3477 [main] DEBUG c.e.b.c.d.DevelopersJdbcDaoImpl - Res = 1 
3487 [main] DEBUG c.e.b.c.daoImpl.ProjectJdbcDaoImpl - Create new project Project{projectId=null, description='bjfbXrValEpTLsCCrxfGOaoJGCAIsBkatuBQLhoiFHyzpFrxZCGMzRptRLOzqKPFJVPFFXFwhupflvjdPDBXRFJQyRZWJqUEuVVn', dateAdded=2020-04-28}
3493 [main] DEBUG c.e.b.c.daoImpl.ProjectJdbcDaoImpl - Date 2020-04-28
3494 [main] DEBUG c.e.b.c.d.Projects_DevelopersJdbcDaoImpl - DAO addDeveloperToProjects_Developers() Project id = 7. Developer id = 13
3497 [main] DEBUG c.e.b.c.d.Projects_DevelopersJdbcDaoImpl - DAO. findByIdFromProjects_Develoers();
3572 [main] DEBUG c.e.b.c.d.DevelopersJdbcDaoImpl - FindAll
3592 [main] DEBUG c.e.b.c.d.DevelopersJdbcDaoImpl - Create developer = Developers{developerId=null, firstName='NXPRMeGKYyEcJgMquPaq', lastName='UHlYgpotBCirhnsfWklL'} 
3595 [main] DEBUG c.e.b.c.d.DevelopersJdbcDaoImpl - Res = 1 
3595 [main] DEBUG c.e.b.c.d.DevelopersJdbcDaoImpl - Delete developerId = 14
3599 [main] DEBUG c.e.b.c.d.DevelopersJdbcDaoImpl - FindById developerId = 14
3608 [main] DEBUG c.e.b.c.d.DevelopersJdbcDaoImpl - Create developer = Developers{developerId=null, firstName='DKuTUHYbdyqqENJcfGMp', lastName='zqyYQYfjVFxWXYlUseeG'} 
3610 [main] DEBUG c.e.b.c.d.DevelopersJdbcDaoImpl - Res = 1 
3611 [main] DEBUG c.e.b.c.d.DevelopersJdbcDaoImpl - FindById developerId = 15
3614 [main] DEBUG c.e.b.c.d.DevelopersJdbcDaoImpl - Update developer = Developers{developerId=15, firstName='TestFirstName', lastName='TestLastName'}
3619 [main] DEBUG c.e.b.c.d.DevelopersJdbcDaoImpl - Result = 1
3628 [main] DEBUG c.e.b.c.d.DevelopersJdbcDaoImpl - Create developer = Developers{developerId=null, firstName='ABXhWBylBNmMmipHepgw', lastName='CJqvGnjpHUBRfMrIGPLq'} 
3631 [main] DEBUG c.e.b.c.d.DevelopersJdbcDaoImpl - Res = 1 
3632 [main] DEBUG c.e.b.c.d.DevelopersJdbcDaoImpl - FindById developerId = 16
3641 [main] DEBUG c.e.b.c.d.DevelopersJdbcDaoImpl - Create developer = Developers{developerId=null, firstName='KiVNtnRSwsFJzHdIkTIf', lastName='owiKjFaOUlSKjFqBzYgS'} 
3643 [main] DEBUG c.e.b.c.d.DevelopersJdbcDaoImpl - Res = 1 
3644 [main] DEBUG c.e.b.c.d.DevelopersJdbcDaoImpl - FindById developerId = 17
3665 [main] DEBUG c.e.b.c.d.ProjectJdbcDaoDtoImpl - CountOfDevelopers()
3700 [main] DEBUG c.e.b.c.daoImpl.ProjectJdbcDaoImpl - Create new project Project{projectId=null, description='dNooWdBpzLHkMfZknWlIeNvlRyssSozlHiffTWePsCNCzmpxFSoLTeKWVujNNWcIVbBQWQiQSXVqMbwjIaPrKBGZFHIIjIWxdoxp', dateAdded=2020-04-28}
3703 [main] DEBUG c.e.b.c.daoImpl.ProjectJdbcDaoImpl - Date 2020-04-28
3706 [main] DEBUG c.e.b.c.daoImpl.ProjectJdbcDaoImpl - Create new project Project{projectId=null, description='XOCzJEIKjToWqeBvcNXXccjVuFoyMGbumYyOTlnXQgMJTwvmyBfNvGmsAlCRzcefQvsQEHMTEojEBIfHjVpLKlMxGjBHqKiusQib', dateAdded=2020-04-28}
3709 [main] DEBUG c.e.b.c.daoImpl.ProjectJdbcDaoImpl - Date 2020-04-28
3709 [main] DEBUG c.e.b.c.d.ProjectJdbcDaoDtoImpl - findBetweenDates. DateStart = 2020-04-28 DateEnd = 2020-04-28
3770 [main] DEBUG c.e.b.c.daoImpl.ProjectJdbcDaoImpl - Create new project Project{projectId=null, description='FVZqeRplLGZtYPjIcAKgJcprnuedtPFHSMkBkwlqqWlpLJsDvAQTDWIsGOABmTJaJtzruRoZGxxWRbyRQHsgDpSpGebekzYNwjDo', dateAdded=2020-04-28}
3773 [main] DEBUG c.e.b.c.daoImpl.ProjectJdbcDaoImpl - Date 2020-04-28
3802 [main] DEBUG c.e.b.c.daoImpl.ProjectJdbcDaoImpl - List of projects - size=:  1 
3802 [main] DEBUG c.e.b.c.daoImpl.ProjectJdbcDaoImpl - Delete project by id 10
3814 [main] DEBUG c.e.b.c.daoImpl.ProjectJdbcDaoImpl - List of projects - size=:  0 
3841 [main] DEBUG c.e.b.c.daoImpl.ProjectJdbcDaoImpl - Create new project Project{projectId=null, description='BOgHkvQQszdXjwTDKEZvaptXKOLVVqAYsWlDhDDyiMgukalvQXLKdxkScNgtCOBVAERLkJgbjymSCBrwsZXxJNZSeGQTyboTbFUx', dateAdded=2020-04-28}
3854 [main] DEBUG c.e.b.c.daoImpl.ProjectJdbcDaoImpl - Date 2020-04-28
3860 [main] DEBUG c.e.b.c.daoImpl.ProjectJdbcDaoImpl - List of projects - size=:  1 
3871 [main] DEBUG c.e.b.c.daoImpl.ProjectJdbcDaoImpl - List of projects - size=:  1 
3875 [main] DEBUG c.e.b.c.daoImpl.ProjectJdbcDaoImpl - List of projects - size=:  1 
3915 [main] DEBUG c.e.b.c.daoImpl.ProjectJdbcDaoImpl - Create new project Project{projectId=null, description='DNLWdYGBtsRJctgzjtosHHgejYAFGdWLHpCsZaxhqwFWCCAPKNEsJCcGrEUgslDpDLtRSZHUyMZdhMLoFXreKjVWMVvLBgWWIGkd', dateAdded=2020-04-28}
3918 [main] DEBUG c.e.b.c.daoImpl.ProjectJdbcDaoImpl - Date 2020-04-28
3922 [main] DEBUG c.e.b.c.daoImpl.ProjectJdbcDaoImpl - List of projects - size=:  1 
3933 [main] DEBUG c.e.b.c.daoImpl.ProjectJdbcDaoImpl - List of projects - size=:  1 
3934 [main] DEBUG c.e.b.c.daoImpl.ProjectJdbcDaoImpl - Date = :      2020-04-28
3954 [main] DEBUG c.e.b.c.daoImpl.ProjectJdbcDaoImpl - List of projects - size=:  1 
3972 [main] DEBUG c.e.b.c.daoImpl.ProjectJdbcDaoImpl - Create new project Project{projectId=null, description='AjvZGsDlUVHaBZijdBfPhFqxNMCCEBTnbTvCpQcjtDNvFamlxodQnEXoEDhfazuxYlhkBDoIhbfsRabHKamyhfKpQDWqEajUFTeI', dateAdded=2020-04-28}
3974 [main] DEBUG c.e.b.c.daoImpl.ProjectJdbcDaoImpl - Date 2020-04-28
3977 [main] DEBUG c.e.b.c.daoImpl.ProjectJdbcDaoImpl - List of projects - size=:  1 
3995 [main] DEBUG c.e.b.c.daoImpl.ProjectJdbcDaoImpl - fidAll()
