4136 [main] DEBUG c.e.b.c.daoImpl.ProjectJdbcDaoImpl - Date 2020-04-24
4142 [main] DEBUG c.e.b.c.daoImpl.ProjectJdbcDaoImpl - Create new project Project{projectId=null, description='bAxGfxXVLPwkzjvRveSUXzJFkkJGEXWjJGSxupQzYMdnpagldHHNSMBPKTMMriZEAKzzqCOaXrNsyKRTsWzJtyChwTYXjBUixruK', dateAdded=2020-04-24}
4147 [main] DEBUG c.e.b.c.daoImpl.ProjectJdbcDaoImpl - Date 2020-04-24
4155 [main] DEBUG c.e.b.c.d.ProjectJdbcDaoDtoImpl - findBetweenDates. DateStart = 2020-04-24 DateEnd = 2020-04-24
4224 [main] DEBUG c.e.b.c.daoImpl.ProjectJdbcDaoImpl - Create new project Project{projectId=null, description='cDmmMESMpUPIVGgAZOIQmSbrlSEBasTdfbVmGAitdDlKTdMDckpggaCRznHAoVwEZyFjOpYlfkYSFlzzuXcSJgFgGfXUEbBSWFGQ', dateAdded=2020-04-24}
4227 [main] DEBUG c.e.b.c.daoImpl.ProjectJdbcDaoImpl - Date 2020-04-24
4235 [main] DEBUG c.e.b.c.daoImpl.ProjectJdbcDaoImpl - List of projects - size=:  1 
4235 [main] DEBUG c.e.b.c.daoImpl.ProjectJdbcDaoImpl - Delete project by id 10
4240 [main] DEBUG c.e.b.c.daoImpl.ProjectJdbcDaoImpl - List of projects - size=:  0 
4249 [main] DEBUG c.e.b.c.daoImpl.ProjectJdbcDaoImpl - Create new project Project{projectId=null, description='nGoeCHglqRXYOzcihuZqnTtqlnQIdMPozKYqMXRJkbdFwTekpmLSPQxJtxABQfdLgyfaFuMRwmXDrFGTVqFfxWAvAOJHQGnqWrKp', dateAdded=2020-04-24}
4251 [main] DEBUG c.e.b.c.daoImpl.ProjectJdbcDaoImpl - Date 2020-04-24
4254 [main] DEBUG c.e.b.c.daoImpl.ProjectJdbcDaoImpl - List of projects - size=:  1 
4261 [main] DEBUG c.e.b.c.daoImpl.ProjectJdbcDaoImpl - List of projects - size=:  1 
4266 [main] DEBUG c.e.b.c.daoImpl.ProjectJdbcDaoImpl - List of projects - size=:  1 
4275 [main] DEBUG c.e.b.c.daoImpl.ProjectJdbcDaoImpl - Create new project Project{projectId=null, description='fRbJUrdGrVQSnaouedssMNiIVEVgGmsXsnbHsMSZOezvUJhIwHrFZmFhgukUexsRLSnZSHSZAAjgvjktpzZzSthuHHyJueepkVTj', dateAdded=2020-04-24}
4279 [main] DEBUG c.e.b.c.daoImpl.ProjectJdbcDaoImpl - Date 2020-04-24
4283 [main] DEBUG c.e.b.c.daoImpl.ProjectJdbcDaoImpl - List of projects - size=:  1 
4288 [main] DEBUG c.e.b.c.daoImpl.ProjectJdbcDaoImpl - List of projects - size=:  1 
4288 [main] DEBUG c.e.b.c.daoImpl.ProjectJdbcDaoImpl - Date = :      2020-04-24
4295 [main] DEBUG c.e.b.c.daoImpl.ProjectJdbcDaoImpl - List of projects - size=:  1 
4305 [main] DEBUG c.e.b.c.daoImpl.ProjectJdbcDaoImpl - Create new project Project{projectId=null, description='SCZayoyvGjOUIOufadFzqKIglhYkkcLRDVjCiAHLIDvzqwwBFgFAUssPPXwhOFubQYQXKCZchCWJwpvivQCzzVNcDFjTcffNDXNi', dateAdded=2020-04-24}
4308 [main] DEBUG c.e.b.c.daoImpl.ProjectJdbcDaoImpl - Date 2020-04-24
4318 [main] DEBUG c.e.b.c.daoImpl.ProjectJdbcDaoImpl - List of projects - size=:  1 
4328 [main] DEBUG c.e.b.c.daoImpl.ProjectJdbcDaoImpl - fidAll()
