2691 [main] DEBUG c.e.b.c.d.DevelopersJdbcDaoImpl - FindAll
2957 [main] DEBUG c.e.b.c.d.DevelopersJdbcDaoImpl - Delete developerId = 1
2970 [main] DEBUG c.e.b.c.d.DevelopersJdbcDaoImpl - FindById developerId = 1
3040 [main] DEBUG c.e.b.c.daoImpl.DevelopersMockTest - Id------ = 1 
3040 [main] DEBUG c.e.b.c.d.DevelopersJdbcDaoImpl - Create developer = Developers{developerId=null, firstName='Jon', lastName='Connor'} 
3041 [main] DEBUG c.e.b.c.d.DevelopersJdbcDaoImpl - Res = 0 
3134 [main] DEBUG c.e.b.c.d.DevelopersJdbcDaoImpl - Create developer = Developers{developerId=null, firstName='eyOMjFpfGMZyaRuuPUTh', lastName='EXbVhdSFjSMcqEqwYfzP'} 
3243 [main] DEBUG c.e.b.c.d.DevelopersJdbcDaoImpl - Res = 1 
3243 [main] DEBUG c.e.b.c.d.DevelopersJdbcDaoImpl - Create developer = Developers{developerId=null, firstName='eyOMjFpfGMZyaRuuPUTh', lastName='EXbVhdSFjSMcqEqwYfzP'} 
3247 [main] DEBUG c.e.b.c.d.DevelopersJdbcDaoImpl - Res = 1 
3348 [main] DEBUG c.e.b.c.daoImpl.ProjectJdbcDaoImpl - Create new project Project{projectId=null, description='wXrdWcQCDzvWXeAVtDYyUvgaqPXuLsLFjuxyWkVIXsmIVreTFRHOHCbIyYafMdUCQgagUXNBGDzfWCkfbKcFnFOyNnOnqMRGjJiG', dateAdded=2020-04-28}
3362 [main] DEBUG c.e.b.c.daoImpl.ProjectJdbcDaoImpl - Date 2020-04-28
3363 [main] DEBUG c.e.b.c.d.Projects_DevelopersJdbcDaoImpl - DAO addDeveloperToProjects_Developers() Project id = 4. Developer id = 9
3376 [main] DEBUG c.e.b.c.d.Projects_DevelopersJdbcDaoImpl - DAO addDeveloperToProjects_Developers() Project id = 4. Developer id = 10
3381 [main] DEBUG c.e.b.c.d.Projects_DevelopersJdbcDaoImpl - DAO SelectDeveloperFromProjects_Developers(). Project id = 4
3443 [main] DEBUG c.e.b.c.d.DevelopersJdbcDaoImpl - Create developer = Developers{developerId=null, firstName='FmUDLjmkSboYpfqBVLOO', lastName='fEhmNmCoafPCiZIzScMv'} 
3454 [main] DEBUG c.e.b.c.d.DevelopersJdbcDaoImpl - Res = 1 
3459 [main] DEBUG c.e.b.c.daoImpl.ProjectJdbcDaoImpl - Create new project Project{projectId=null, description='HaxSwRcaUlUASoRJNkWZDPHWehBOmbgEPUWqMvfhPZWXSwywJtJwNWprVnPfRqbczLqyObOYEqSHdRYdSdRGNSDmQnRxSakpJJRu', dateAdded=2020-04-28}
3464 [main] DEBUG c.e.b.c.daoImpl.ProjectJdbcDaoImpl - Date 2020-04-28
3464 [main] DEBUG c.e.b.c.d.Projects_DevelopersJdbcDaoImpl - DAO addDeveloperToProjects_Developers() Project id = 5. Developer id = 11
3468 [main] DEBUG c.e.b.c.d.Projects_DevelopersJdbcDaoImpl - DAO SelectDeveloperFromProjects_Developers(). Project id = 5
3485 [main] DEBUG c.e.b.c.d.DevelopersJdbcDaoImpl - Create developer = Developers{developerId=null, firstName='loMWYWMUpjriNyDitFcI', lastName='SjXOjGCKgsXyLerqrEcz'} 
3490 [main] DEBUG c.e.b.c.d.DevelopersJdbcDaoImpl - Res = 1 
3501 [main] DEBUG c.e.b.c.daoImpl.ProjectJdbcDaoImpl - Create new project Project{projectId=null, description='FAHIxUoANSrOTEyEuQXINUAioEysiktuHlAKexYakZnHBjmJryXgJVdjgaMrEwdYQIlVKaNPSocIBXFXqoEEFHnyJuStmKRimJZx', dateAdded=2020-04-28}
3507 [main] DEBUG c.e.b.c.daoImpl.ProjectJdbcDaoImpl - Date 2020-04-28
3508 [main] DEBUG c.e.b.c.d.Projects_DevelopersJdbcDaoImpl - DAO addDeveloperToProjects_Developers() Project id = 6. Developer id = 12
3511 [main] DEBUG c.e.b.c.d.Projects_DevelopersJdbcDaoImpl - DAO SelectDeveloperFromProjects_Developers(). Project id = 6
3525 [main] DEBUG c.e.b.c.d.Projects_DevelopersJdbcDaoImpl - DAO deleteDeveloperFromProject_Developers(). Developer id = 12, Project id = 6
3557 [main] DEBUG c.e.b.c.d.Projects_DevelopersJdbcDaoImpl - DAO SelectDeveloperFromProjects_Developers(). Project id = 6
3593 [main] DEBUG c.e.b.c.d.DevelopersJdbcDaoImpl - Create developer = Developers{developerId=null, firstName='ZsnWIhquwHzUwXNlvAKq', lastName='XGjiRGmrCjUUPWsovHrq'} 
3601 [main] DEBUG c.e.b.c.d.DevelopersJdbcDaoImpl - Res = 1 
3613 [main] DEBUG c.e.b.c.daoImpl.ProjectJdbcDaoImpl - Create new project Project{projectId=null, description='oeqQDoofRNVVqkrSIMpMGdVjuuWAQygXdnpJajWlOROxSVXXHdjzhawOuSxrLUFgYrYLIVVsqIDaCPWeisMZeSaexCLfVnUQHxBT', dateAdded=2020-04-28}
3618 [main] DEBUG c.e.b.c.daoImpl.ProjectJdbcDaoImpl - Date 2020-04-28
3620 [main] DEBUG c.e.b.c.d.Projects_DevelopersJdbcDaoImpl - DAO addDeveloperToProjects_Developers() Project id = 7. Developer id = 13
3639 [main] DEBUG c.e.b.c.d.Projects_DevelopersJdbcDaoImpl - DAO. findByIdFromProjects_Develoers();
3740 [main] DEBUG c.e.b.c.d.DevelopersJdbcDaoImpl - FindAll
3776 [main] DEBUG c.e.b.c.d.DevelopersJdbcDaoImpl - Create developer = Developers{developerId=null, firstName='PYcECpNzDpdyTQSwswrs', lastName='AwUGwvckDOySDwCnwGfN'} 
3780 [main] DEBUG c.e.b.c.d.DevelopersJdbcDaoImpl - Res = 1 
3780 [main] DEBUG c.e.b.c.d.DevelopersJdbcDaoImpl - Delete developerId = 14
3784 [main] DEBUG c.e.b.c.d.DevelopersJdbcDaoImpl - FindById developerId = 14
3793 [main] DEBUG c.e.b.c.d.DevelopersJdbcDaoImpl - Create developer = Developers{developerId=null, firstName='gTHkNGpuWsSpxqUqvoAQ', lastName='BNSUxvUGpaTJxCAENnxF'} 
3796 [main] DEBUG c.e.b.c.d.DevelopersJdbcDaoImpl - Res = 1 
3796 [main] DEBUG c.e.b.c.d.DevelopersJdbcDaoImpl - FindById developerId = 15
3801 [main] DEBUG c.e.b.c.d.DevelopersJdbcDaoImpl - Update developer = Developers{developerId=15, firstName='TestFirstName', lastName='TestLastName'}
3806 [main] DEBUG c.e.b.c.d.DevelopersJdbcDaoImpl - Result = 1
3816 [main] DEBUG c.e.b.c.d.DevelopersJdbcDaoImpl - Create developer = Developers{developerId=null, firstName='YIjCJKboGytEHBHKafuu', lastName='SxASQItQHtiAcFFPxUNA'} 
3822 [main] DEBUG c.e.b.c.d.DevelopersJdbcDaoImpl - Res = 1 
3822 [main] DEBUG c.e.b.c.d.DevelopersJdbcDaoImpl - FindById developerId = 16
3832 [main] DEBUG c.e.b.c.d.DevelopersJdbcDaoImpl - Create developer = Developers{developerId=null, firstName='sHATuCHHXDgrhMxeVKYF', lastName='hARwuxPQQsMyfBCnQBDf'} 
3835 [main] DEBUG c.e.b.c.d.DevelopersJdbcDaoImpl - Res = 1 
3835 [main] DEBUG c.e.b.c.d.DevelopersJdbcDaoImpl - FindById developerId = 17
3879 [main] DEBUG c.e.b.c.d.ProjectJdbcDaoDtoImpl - CountOfDevelopers()
3959 [main] DEBUG c.e.b.c.daoImpl.ProjectJdbcDaoImpl - Create new project Project{projectId=null, description='owUqDXzXxBuKPIsZxBlwVlPjNRNMJFmGPKoMYABClXmOQeZZqMzwtmwDZALWAJNCGFzZgWxHMOblXALiLxxjdgXvggCEhCJfXzyG', dateAdded=2020-04-28}
3966 [main] DEBUG c.e.b.c.daoImpl.ProjectJdbcDaoImpl - Date 2020-04-28
3973 [main] DEBUG c.e.b.c.daoImpl.ProjectJdbcDaoImpl - Create new project Project{projectId=null, description='ENTkYUttzMxsQMplDckvqSYPtpWJmoIPiBdzSmACupLSrgXRDLaKnSrRhOxHKoLaLdDuSMfmWgaBnzAdeFyJdFHbwBksfANztynD', dateAdded=2020-04-28}
3975 [main] DEBUG c.e.b.c.daoImpl.ProjectJdbcDaoImpl - Date 2020-04-28
3976 [main] DEBUG c.e.b.c.d.ProjectJdbcDaoDtoImpl - findBetweenDates. DateStart = 2020-04-28 DateEnd = 2020-04-28
4040 [main] DEBUG c.e.b.c.daoImpl.ProjectJdbcDaoImpl - Create new project Project{projectId=null, description='GBqYaOWGZcetdhcfasssVLYWKkaCuJFdHewFSUwDFUITsvWizsWiUYfnmvtgoOQYhfCtDyhWlNVdNnZEyTasORPbbDAysAJkxOFX', dateAdded=2020-04-28}
4043 [main] DEBUG c.e.b.c.daoImpl.ProjectJdbcDaoImpl - Date 2020-04-28
4051 [main] DEBUG c.e.b.c.daoImpl.ProjectJdbcDaoImpl - List of projects - size=:  1 
4052 [main] DEBUG c.e.b.c.daoImpl.ProjectJdbcDaoImpl - Delete project by id 10
4062 [main] DEBUG c.e.b.c.daoImpl.ProjectJdbcDaoImpl - List of projects - size=:  0 
4082 [main] DEBUG c.e.b.c.daoImpl.ProjectJdbcDaoImpl - Create new project Project{projectId=null, description='nUqUrRFoiSiiEruxyixKzXoNUnYxgaCfXwPGPoUuFBdltoyxEqbBOWaJrQoEKSJAStrJirPukZCnDzYtKdqFgVpcBUvIqBCVvvQs', dateAdded=2020-04-28}
4086 [main] DEBUG c.e.b.c.daoImpl.ProjectJdbcDaoImpl - Date 2020-04-28
4094 [main] DEBUG c.e.b.c.daoImpl.ProjectJdbcDaoImpl - List of projects - size=:  1 
4102 [main] DEBUG c.e.b.c.daoImpl.ProjectJdbcDaoImpl - List of projects - size=:  1 
4112 [main] DEBUG c.e.b.c.daoImpl.ProjectJdbcDaoImpl - List of projects - size=:  1 
4134 [main] DEBUG c.e.b.c.daoImpl.ProjectJdbcDaoImpl - Create new project Project{projectId=null, description='aPYcNvVVWOhcXwGBMtIiOyqxbIjboqylcISPzRbYALDYaredUMCKPFcjWNxmBnpBiOqbObXxsKdDGthoWZycVvnJjnbLxFtGvetl', dateAdded=2020-04-28}
4139 [main] DEBUG c.e.b.c.daoImpl.ProjectJdbcDaoImpl - Date 2020-04-28
4148 [main] DEBUG c.e.b.c.daoImpl.ProjectJdbcDaoImpl - List of projects - size=:  1 
4151 [main] DEBUG c.e.b.c.daoImpl.ProjectJdbcDaoImpl - List of projects - size=:  1 
4152 [main] DEBUG c.e.b.c.daoImpl.ProjectJdbcDaoImpl - Date = :      2020-04-28
4158 [main] DEBUG c.e.b.c.daoImpl.ProjectJdbcDaoImpl - List of projects - size=:  1 
4169 [main] DEBUG c.e.b.c.daoImpl.ProjectJdbcDaoImpl - Create new project Project{projectId=null, description='sEoSuaVHxqmAPnkSCliuQgKTYNoTTLDTsSyjtiTPQFecexExkbBHFzArMgSGmdHUeQgHyTLsPEikUccRguUhTyxQvTqzoNgoybbt', dateAdded=2020-04-28}
4172 [main] DEBUG c.e.b.c.daoImpl.ProjectJdbcDaoImpl - Date 2020-04-28
4175 [main] DEBUG c.e.b.c.daoImpl.ProjectJdbcDaoImpl - List of projects - size=:  1 
4181 [main] DEBUG c.e.b.c.daoImpl.ProjectJdbcDaoImpl - fidAll()
