4400 [main] DEBUG c.e.b.c.d.DevelopersJdbcDaoImpl - Create developer = Developers{developerId=null, firstName='oUWMWDPbFJBBaxncNaeZ', lastName='fowijHAiCEPmKWpMWFCT'} 
4521 [main] DEBUG c.e.b.c.d.DevelopersJdbcDaoImpl - Res = 1 
4521 [main] DEBUG c.e.b.c.d.DevelopersJdbcDaoImpl - Create developer = Developers{developerId=null, firstName='oUWMWDPbFJBBaxncNaeZ', lastName='fowijHAiCEPmKWpMWFCT'} 
4525 [main] DEBUG c.e.b.c.d.DevelopersJdbcDaoImpl - Res = 1 
4596 [main] DEBUG c.e.b.c.daoImpl.ProjectJdbcDaoImpl - Create new project Project{projectId=null, description='iUwagziEdfXYhFOUFBWgCjirulaOxzWQWvPMHnogTvYVjhCQDJyAxlAptzWzEUAsDnypxHKWLoRMMPQpjEHBYUDYAjrgBRUoYbcL', dateAdded=2020-04-28}
4609 [main] DEBUG c.e.b.c.daoImpl.ProjectJdbcDaoImpl - Date 2020-04-28
4609 [main] DEBUG c.e.b.c.d.Projects_DevelopersJdbcDaoImpl - DAO addDeveloperToProjects_Developers() Project id = 4. Developer id = 9
4615 [main] DEBUG c.e.b.c.d.Projects_DevelopersJdbcDaoImpl - DAO addDeveloperToProjects_Developers() Project id = 4. Developer id = 10
4618 [main] DEBUG c.e.b.c.d.Projects_DevelopersJdbcDaoImpl - DAO SelectDeveloperFromProjects_Developers(). Project id = 4
4666 [main] DEBUG c.e.b.c.d.DevelopersJdbcDaoImpl - Create developer = Developers{developerId=null, firstName='fzYPJDABfTYbxUBXhcxv', lastName='edMhOTBCWhZJHSgUJeYZ'} 
4671 [main] DEBUG c.e.b.c.d.DevelopersJdbcDaoImpl - Res = 1 
4687 [main] DEBUG c.e.b.c.daoImpl.ProjectJdbcDaoImpl - Create new project Project{projectId=null, description='SAJyUSSJYrhfrIXzabZQUYATWxDXaNMHDIRbzxDrBqfVFqRVsSCQAvlCFSSkugCzIYhQmnbNSgAdCcuLcHRoPkSjSRTkNyTILzDH', dateAdded=2020-04-28}
4698 [main] DEBUG c.e.b.c.daoImpl.ProjectJdbcDaoImpl - Date 2020-04-28
4700 [main] DEBUG c.e.b.c.d.Projects_DevelopersJdbcDaoImpl - DAO addDeveloperToProjects_Developers() Project id = 5. Developer id = 11
4707 [main] DEBUG c.e.b.c.d.Projects_DevelopersJdbcDaoImpl - DAO SelectDeveloperFromProjects_Developers(). Project id = 5
4748 [main] DEBUG c.e.b.c.d.DevelopersJdbcDaoImpl - Create developer = Developers{developerId=null, firstName='PUTnliIrUrBMkmglQnwx', lastName='sIkTAHtxrTcXNZSYnVfd'} 
4752 [main] DEBUG c.e.b.c.d.DevelopersJdbcDaoImpl - Res = 1 
4758 [main] DEBUG c.e.b.c.daoImpl.ProjectJdbcDaoImpl - Create new project Project{projectId=null, description='XUBXJWdqxKdfuwKbGLUJvISKMCuZAXFfEwuDHOLMmZNxzhcnAImCmVvwOVXyoYboUtNiiaudvwpiuOgnrGrwxxqhPKdNNoZiUjgu', dateAdded=2020-04-28}
4762 [main] DEBUG c.e.b.c.daoImpl.ProjectJdbcDaoImpl - Date 2020-04-28
4762 [main] DEBUG c.e.b.c.d.Projects_DevelopersJdbcDaoImpl - DAO addDeveloperToProjects_Developers() Project id = 6. Developer id = 12
4770 [main] DEBUG c.e.b.c.d.Projects_DevelopersJdbcDaoImpl - DAO SelectDeveloperFromProjects_Developers(). Project id = 6
4786 [main] DEBUG c.e.b.c.d.Projects_DevelopersJdbcDaoImpl - DAO deleteDeveloperFromProject_Developers(). Developer id = 12, Project id = 6
4793 [main] DEBUG c.e.b.c.d.Projects_DevelopersJdbcDaoImpl - DAO SelectDeveloperFromProjects_Developers(). Project id = 6
4810 [main] DEBUG c.e.b.c.d.DevelopersJdbcDaoImpl - Create developer = Developers{developerId=null, firstName='bCxSdYXqhwIYZoqmxlAZ', lastName='NTIABaBxKHslnacGgFbA'} 
4815 [main] DEBUG c.e.b.c.d.DevelopersJdbcDaoImpl - Res = 1 
4820 [main] DEBUG c.e.b.c.daoImpl.ProjectJdbcDaoImpl - Create new project Project{projectId=null, description='DeBkFmEESaQlGVKErrzNMVDZZrzJelLwEEwqlAwaTrlJTnibfFclxYAuVdKAIjavpkKOispAXovJUAofxHxuuIXGApwgtLzwgkRA', dateAdded=2020-04-28}
4829 [main] DEBUG c.e.b.c.daoImpl.ProjectJdbcDaoImpl - Date 2020-04-28
4830 [main] DEBUG c.e.b.c.d.Projects_DevelopersJdbcDaoImpl - DAO addDeveloperToProjects_Developers() Project id = 7. Developer id = 13
4836 [main] DEBUG c.e.b.c.d.Projects_DevelopersJdbcDaoImpl - DAO. findByIdFromProjects_Develoers();
4955 [main] DEBUG c.e.b.c.d.DevelopersJdbcDaoImpl - FindAll
4996 [main] DEBUG c.e.b.c.d.DevelopersJdbcDaoImpl - Create developer = Developers{developerId=null, firstName='UdKIGxEfYHHImfXUECht', lastName='GEFwOJomgmbaFnWJJPpI'} 
5001 [main] DEBUG c.e.b.c.d.DevelopersJdbcDaoImpl - Res = 1 
5001 [main] DEBUG c.e.b.c.d.DevelopersJdbcDaoImpl - Delete developerId = 14
5008 [main] DEBUG c.e.b.c.d.DevelopersJdbcDaoImpl - FindById developerId = 14
5030 [main] DEBUG c.e.b.c.d.DevelopersJdbcDaoImpl - Create developer = Developers{developerId=null, firstName='NNhJZfmbrJsCuDTFfyBk', lastName='NsfPopROIdeNtFwlHMcB'} 
5047 [main] DEBUG c.e.b.c.d.DevelopersJdbcDaoImpl - Res = 1 
5048 [main] DEBUG c.e.b.c.d.DevelopersJdbcDaoImpl - FindById developerId = 15
5057 [main] DEBUG c.e.b.c.d.DevelopersJdbcDaoImpl - Update developer = Developers{developerId=15, firstName='TestFirstName', lastName='TestLastName'}
5062 [main] DEBUG c.e.b.c.d.DevelopersJdbcDaoImpl - Result = 1
5089 [main] DEBUG c.e.b.c.d.DevelopersJdbcDaoImpl - Create developer = Developers{developerId=null, firstName='cERfpKUlQngckeCphDMi', lastName='IDyuFfShhxoeKRqWHjUz'} 
5095 [main] DEBUG c.e.b.c.d.DevelopersJdbcDaoImpl - Res = 1 
5095 [main] DEBUG c.e.b.c.d.DevelopersJdbcDaoImpl - FindById developerId = 16
5125 [main] DEBUG c.e.b.c.d.DevelopersJdbcDaoImpl - Create developer = Developers{developerId=null, firstName='jwmBOmFRvKJPXRnKBPJf', lastName='nZXDmVDyQSLmWJyRRhlK'} 
5131 [main] DEBUG c.e.b.c.d.DevelopersJdbcDaoImpl - Res = 1 
5131 [main] DEBUG c.e.b.c.d.DevelopersJdbcDaoImpl - FindById developerId = 17
5183 [main] DEBUG c.e.b.c.d.ProjectJdbcDaoDtoImpl - CountOfDevelopers()
5216 [main] DEBUG c.e.b.c.daoImpl.ProjectJdbcDaoImpl - Create new project Project{projectId=null, description='gxqxvlpozMltnrGuBnMrhiluqbUHfasFPxcfzYMpWJPHgVvirEkYvnyoZovcqkhbqOGcsRDQiWexVHwqsKcrdzXeHfexNKiIrUqF', dateAdded=2020-04-28}
5219 [main] DEBUG c.e.b.c.daoImpl.ProjectJdbcDaoImpl - Date 2020-04-28
5222 [main] DEBUG c.e.b.c.daoImpl.ProjectJdbcDaoImpl - Create new project Project{projectId=null, description='OxcIsXwrdZfNnjaFUpPXWYYwyuMsmoxrSuIeCahscsjCySHsFHoubXEpactBNalkFzvwRqEmhqfbSSkMtOqaVoOhaTifcuLSLXUO', dateAdded=2020-04-28}
5226 [main] DEBUG c.e.b.c.daoImpl.ProjectJdbcDaoImpl - Date 2020-04-28
5226 [main] DEBUG c.e.b.c.d.ProjectJdbcDaoDtoImpl - findBetweenDates. DateStart = 2020-04-28 DateEnd = 2020-04-28
5290 [main] DEBUG c.e.b.c.daoImpl.ProjectJdbcDaoImpl - Create new project Project{projectId=null, description='aWiYNWvDhcsbHgBFROrKADQwsDEwdDqFxhUnfVpharvHUsgrcSURkcbIpXAgkxbjnSsiCTNiiUGjCNQKPqXQTgPtaCrDrkEVkHSM', dateAdded=2020-04-28}
5293 [main] DEBUG c.e.b.c.daoImpl.ProjectJdbcDaoImpl - Date 2020-04-28
5303 [main] DEBUG c.e.b.c.daoImpl.ProjectJdbcDaoImpl - List of projects - size=:  1 
5303 [main] DEBUG c.e.b.c.daoImpl.ProjectJdbcDaoImpl - Delete project by id 10
5310 [main] DEBUG c.e.b.c.daoImpl.ProjectJdbcDaoImpl - List of projects - size=:  0 
5337 [main] DEBUG c.e.b.c.daoImpl.ProjectJdbcDaoImpl - Create new project Project{projectId=null, description='oCBVvIjgbAjXxLcBaKLSBUoPywfTFoYtoaqKsfCSHGHtocFStBboraxjFrFEXFmySIzidRBzVcGerLnixxJSxYwGNNaSRNVQwQDO', dateAdded=2020-04-28}
5341 [main] DEBUG c.e.b.c.daoImpl.ProjectJdbcDaoImpl - Date 2020-04-28
5347 [main] DEBUG c.e.b.c.daoImpl.ProjectJdbcDaoImpl - List of projects - size=:  1 
5353 [main] DEBUG c.e.b.c.daoImpl.ProjectJdbcDaoImpl - List of projects - size=:  1 
5357 [main] DEBUG c.e.b.c.daoImpl.ProjectJdbcDaoImpl - List of projects - size=:  1 
5369 [main] DEBUG c.e.b.c.daoImpl.ProjectJdbcDaoImpl - Create new project Project{projectId=null, description='cKrhBfmnMmkTeywwGrbhqoBSTauEKzhTQQDYgwrxyVXZVKfKwlSDRucaBvofPxNEWsESOjxSiiniRXbcweSkZRSHhTOFjkWkiXlF', dateAdded=2020-04-28}
5372 [main] DEBUG c.e.b.c.daoImpl.ProjectJdbcDaoImpl - Date 2020-04-28
5377 [main] DEBUG c.e.b.c.daoImpl.ProjectJdbcDaoImpl - List of projects - size=:  1 
5385 [main] DEBUG c.e.b.c.daoImpl.ProjectJdbcDaoImpl - List of projects - size=:  1 
5385 [main] DEBUG c.e.b.c.daoImpl.ProjectJdbcDaoImpl - Date = :      2020-04-28
5394 [main] DEBUG c.e.b.c.daoImpl.ProjectJdbcDaoImpl - List of projects - size=:  1 
5406 [main] DEBUG c.e.b.c.daoImpl.ProjectJdbcDaoImpl - Create new project Project{projectId=null, description='ptfoytHGOZJPysDUklSGJUmQMfKiiLvDStgfCTTHORxbUIoUbjnipPFLQpCMOHsIPXqhbEcbJycOjppdPTiLJFLJWWdEjLIPvYIS', dateAdded=2020-04-28}
5410 [main] DEBUG c.e.b.c.daoImpl.ProjectJdbcDaoImpl - Date 2020-04-28
5414 [main] DEBUG c.e.b.c.daoImpl.ProjectJdbcDaoImpl - List of projects - size=:  1 
5421 [main] DEBUG c.e.b.c.daoImpl.ProjectJdbcDaoImpl - fidAll()
