15:45:23 [qtp60187547-17] DEBUG c.e.b.c.w.ProjectsController - Find all projects
15:45:26 [qtp60187547-17] DEBUG c.e.b.c.s.ProjectsDtoServiceRest - countOfDevelopers()
15:45:56 [qtp60187547-26] DEBUG c.e.b.c.w.DevelopersController - DCONTROLLER findAll()
15:45:56 [qtp60187547-26] DEBUG c.e.b.c.s.DevelopersServiceRest - findAll()
15:46:01 [qtp60187547-17] DEBUG c.e.b.c.w.ProjectsController - Find all projects
15:46:01 [qtp60187547-17] DEBUG c.e.b.c.s.ProjectsDtoServiceRest - countOfDevelopers()
15:46:04 [qtp60187547-26] DEBUG c.e.b.c.w.ProjectsController - gotoAddProjectPage({})
15:46:19 [qtp60187547-17] DEBUG c.e.b.c.w.ProjectsController - addProjectProject{projectId=null, description='My project', dateAdded=2020-05-11}, org.springframework.validation.BeanPropertyBindingResult: 0 errors)
15:46:19 [qtp60187547-17] DEBUG c.e.b.c.s.ProjectsServiceRest - create(Project{projectId=null, description='My project', dateAdded=2020-05-11})
15:46:19 [qtp60187547-26] DEBUG c.e.b.c.w.ProjectsController - Find all projects
15:46:19 [qtp60187547-26] DEBUG c.e.b.c.s.ProjectsDtoServiceRest - countOfDevelopers()
15:46:33 [qtp60187547-17] DEBUG c.e.b.c.w.ProjectsController - CONTROLLER - gotoEditProjectsPage(4,{})
15:46:33 [qtp60187547-17] DEBUG c.e.b.c.s.ProjectsServiceRest - findById(4)
15:46:33 [qtp60187547-17] DEBUG c.e.b.c.s.Projects_DevelopersServiceRest - selectDevelopersFromProjects_Developers(4) 
15:46:33 [qtp60187547-17] DEBUG c.e.b.c.s.DevelopersServiceRest - findAll()
15:46:42 [qtp60187547-26] DEBUG c.e.b.c.w.ProjectsController - CONTROLLER - gotoEditProjectsPage(4,{})
15:46:42 [qtp60187547-26] DEBUG c.e.b.c.s.ProjectsServiceRest - findById(4)
15:46:42 [qtp60187547-26] DEBUG c.e.b.c.s.Projects_DevelopersServiceRest - selectDevelopersFromProjects_Developers(4) 
15:46:42 [qtp60187547-26] DEBUG c.e.b.c.s.DevelopersServiceRest - findAll()
15:46:48 [qtp60187547-20] DEBUG c.e.b.c.w.ProjectsController - updateProject(Project{projectId=4, description='My project 2222222222', dateAdded=2020-05-11}, org.springframework.validation.BeanPropertyBindingResult: 0 errors)
15:46:48 [qtp60187547-20] DEBUG c.e.b.c.s.ProjectsServiceRest - update(Project{projectId=4, description='My project 2222222222', dateAdded=2020-05-11})
15:46:48 [qtp60187547-26] DEBUG c.e.b.c.w.ProjectsController - Find all projects
15:46:48 [qtp60187547-26] DEBUG c.e.b.c.s.ProjectsDtoServiceRest - countOfDevelopers()
15:46:54 [qtp60187547-20] DEBUG c.e.b.c.w.ProjectsController - CONTROLLER - gotoEditProjectsPage(4,{})
15:46:54 [qtp60187547-20] DEBUG c.e.b.c.s.ProjectsServiceRest - findById(4)
15:46:54 [qtp60187547-20] DEBUG c.e.b.c.s.Projects_DevelopersServiceRest - selectDevelopersFromProjects_Developers(4) 
15:46:54 [qtp60187547-20] DEBUG c.e.b.c.s.DevelopersServiceRest - findAll()
15:47:03 [qtp60187547-26] DEBUG c.e.b.c.s.Projects_DevelopersServiceRest - ______findByIdFromProjects_Developers(4, 5)
15:47:03 [qtp60187547-26] DEBUG c.e.b.c.s.Projects_DevelopersServiceRest - SERVICE REST*******addDeveloperToProjects_Developers(4, 5)
15:47:03 [qtp60187547-26] DEBUG c.e.b.c.w.ProjectsController - Developer with developerId = 5 added to projects_developers
15:47:03 [qtp60187547-26] DEBUG c.e.b.c.w.ProjectsController - CONTROLLER - gotoEditProjectsPage(4,{})
15:47:03 [qtp60187547-26] DEBUG c.e.b.c.s.ProjectsServiceRest - findById(4)
15:47:03 [qtp60187547-26] DEBUG c.e.b.c.s.Projects_DevelopersServiceRest - selectDevelopersFromProjects_Developers(4) 
15:47:03 [qtp60187547-26] DEBUG c.e.b.c.s.DevelopersServiceRest - findAll()
15:47:10 [qtp60187547-19] DEBUG c.e.b.c.s.Projects_DevelopersServiceRest - ______findByIdFromProjects_Developers(4, 3)
15:47:10 [qtp60187547-19] DEBUG c.e.b.c.s.Projects_DevelopersServiceRest - SERVICE REST*******addDeveloperToProjects_Developers(4, 3)
15:47:10 [qtp60187547-19] DEBUG c.e.b.c.w.ProjectsController - Developer with developerId = 3 added to projects_developers
15:47:10 [qtp60187547-19] DEBUG c.e.b.c.w.ProjectsController - CONTROLLER - gotoEditProjectsPage(4,{})
15:47:10 [qtp60187547-19] DEBUG c.e.b.c.s.ProjectsServiceRest - findById(4)
15:47:10 [qtp60187547-19] DEBUG c.e.b.c.s.Projects_DevelopersServiceRest - selectDevelopersFromProjects_Developers(4) 
15:47:10 [qtp60187547-19] DEBUG c.e.b.c.s.DevelopersServiceRest - findAll()
15:47:12 [qtp60187547-26] DEBUG c.e.b.c.w.ProjectsController - updateProject(Project{projectId=4, description='My project 2222222222', dateAdded=2020-05-11}, org.springframework.validation.BeanPropertyBindingResult: 0 errors)
15:47:12 [qtp60187547-26] DEBUG c.e.b.c.s.ProjectsServiceRest - update(Project{projectId=4, description='My project 2222222222', dateAdded=2020-05-11})
15:47:12 [qtp60187547-19] DEBUG c.e.b.c.w.ProjectsController - Find all projects
15:47:12 [qtp60187547-19] DEBUG c.e.b.c.s.ProjectsDtoServiceRest - countOfDevelopers()
15:47:29 [qtp60187547-26] DEBUG c.e.b.c.w.ProjectsController - Find projects between dates. Date start = 2019-11-20, Date End = 2020-05-29
15:47:29 [qtp60187547-26] DEBUG c.e.b.c.s.ProjectsDtoServiceRest - findBetweenDates(2019-11-20, 2020-05-29})
15:47:29 [qtp60187547-26] DEBUG c.e.b.c.w.ProjectsController - ______________________ [{projectId=3, description=Create a web application based on Hibernate, dateAdded=2020-01-17, countOfDevelopers=1}, {projectId=4, description=My project 2222222222, dateAdded=2020-05-11, countOfDevelopers=2}]
15:47:33 [qtp60187547-19] DEBUG c.e.b.c.w.ProjectsController - Find all projects
15:47:33 [qtp60187547-19] DEBUG c.e.b.c.s.ProjectsDtoServiceRest - countOfDevelopers()
15:47:45 [qtp60187547-27] DEBUG c.e.b.c.w.ProjectsController - delete(4,{})
15:47:45 [qtp60187547-27] DEBUG c.e.b.c.s.ProjectsServiceRest - delete(4)
15:47:45 [qtp60187547-19] DEBUG c.e.b.c.w.ProjectsController - Find all projects
15:47:45 [qtp60187547-19] DEBUG c.e.b.c.s.ProjectsDtoServiceRest - countOfDevelopers()
15:47:49 [qtp60187547-27] DEBUG c.e.b.c.w.DevelopersController - DCONTROLLER findAll()
15:47:49 [qtp60187547-27] DEBUG c.e.b.c.s.DevelopersServiceRest - findAll()
15:47:51 [qtp60187547-19] DEBUG c.e.b.c.w.DevelopersController - DCONTROLLER - gotoAddDeveloper()
15:47:59 [qtp60187547-19] DEBUG c.e.b.c.w.DevelopersController - addEmployee(Developers{developerId=null, firstName='ss', lastName='Lopatassssssssssssssssssssssssssssssssssssssssssssssssssssssssssssssssssssssssssssssssssssssssssssssssssssss'}, org.springframework.validation.BeanPropertyBindingResult: 0 errors)
15:48:16 [qtp60187547-27] DEBUG c.e.b.c.w.DevelopersController - addEmployee(Developers{developerId=null, firstName='ss', lastName='Lopatass'}, org.springframework.validation.BeanPropertyBindingResult: 0 errors)
15:48:16 [qtp60187547-27] DEBUG c.e.b.c.s.DevelopersServiceRest - create(Developers{developerId=null, firstName='ss', lastName='Lopatass'})
15:48:16 [qtp60187547-19] DEBUG c.e.b.c.w.DevelopersController - DCONTROLLER findAll()
15:48:16 [qtp60187547-19] DEBUG c.e.b.c.s.DevelopersServiceRest - findAll()
15:48:24 [qtp60187547-27] DEBUG c.e.b.c.w.ProjectsController - Find all projects
15:48:24 [qtp60187547-27] DEBUG c.e.b.c.s.ProjectsDtoServiceRest - countOfDevelopers()
15:48:26 [qtp60187547-19] DEBUG c.e.b.c.w.ProjectsController - CONTROLLER - gotoEditProjectsPage(3,{})
15:48:26 [qtp60187547-19] DEBUG c.e.b.c.s.ProjectsServiceRest - findById(3)
15:48:26 [qtp60187547-19] DEBUG c.e.b.c.s.Projects_DevelopersServiceRest - selectDevelopersFromProjects_Developers(3) 
15:48:26 [qtp60187547-19] DEBUG c.e.b.c.s.DevelopersServiceRest - findAll()
15:48:36 [qtp60187547-27] DEBUG c.e.b.c.s.Projects_DevelopersServiceRest - ______findByIdFromProjects_Developers(3, 9)
15:48:36 [qtp60187547-27] DEBUG c.e.b.c.s.Projects_DevelopersServiceRest - SERVICE REST*******addDeveloperToProjects_Developers(3, 9)
15:48:36 [qtp60187547-27] DEBUG c.e.b.c.w.ProjectsController - Developer with developerId = 9 added to projects_developers
15:48:36 [qtp60187547-27] DEBUG c.e.b.c.w.ProjectsController - CONTROLLER - gotoEditProjectsPage(3,{})
15:48:36 [qtp60187547-27] DEBUG c.e.b.c.s.ProjectsServiceRest - findById(3)
15:48:36 [qtp60187547-27] DEBUG c.e.b.c.s.Projects_DevelopersServiceRest - selectDevelopersFromProjects_Developers(3) 
15:48:36 [qtp60187547-27] DEBUG c.e.b.c.s.DevelopersServiceRest - findAll()
15:48:38 [qtp60187547-19] DEBUG c.e.b.c.w.ProjectsController - updateProject(Project{projectId=3, description='Create a web application based on Hibernate', dateAdded=2020-01-17}, org.springframework.validation.BeanPropertyBindingResult: 0 errors)
15:48:38 [qtp60187547-19] DEBUG c.e.b.c.s.ProjectsServiceRest - update(Project{projectId=3, description='Create a web application based on Hibernate', dateAdded=2020-01-17})
15:48:38 [qtp60187547-26] DEBUG c.e.b.c.w.ProjectsController - Find all projects
15:48:38 [qtp60187547-26] DEBUG c.e.b.c.s.ProjectsDtoServiceRest - countOfDevelopers()
