213281 [qtp60187547-26] DEBUG c.e.b.c.s.Projects_DevelopersServiceRest - ______findByIdFromProjects_Developers(4, 5)
213308 [qtp60187547-26] DEBUG c.e.b.c.s.Projects_DevelopersServiceRest - SERVICE REST*******addDeveloperToProjects_Developers(4, 5)
213322 [qtp60187547-26] DEBUG c.e.b.c.web_app.ProjectsController - Developer with developerId = 5 added to projects_developers
213322 [qtp60187547-26] DEBUG c.e.b.c.web_app.ProjectsController - CONTROLLER - gotoEditProjectsPage(4,{})
213323 [qtp60187547-26] DEBUG c.e.b.c.s.ProjectsServiceRest - findById(4)
213341 [qtp60187547-26] DEBUG c.e.b.c.s.Projects_DevelopersServiceRest - selectDevelopersFromProjects_Developers(4) 
213350 [qtp60187547-26] DEBUG c.e.b.c.s.DevelopersServiceRest - findAll()
220763 [qtp60187547-19] DEBUG c.e.b.c.s.Projects_DevelopersServiceRest - ______findByIdFromProjects_Developers(4, 3)
220787 [qtp60187547-19] DEBUG c.e.b.c.s.Projects_DevelopersServiceRest - SERVICE REST*******addDeveloperToProjects_Developers(4, 3)
220798 [qtp60187547-19] DEBUG c.e.b.c.web_app.ProjectsController - Developer with developerId = 3 added to projects_developers
220799 [qtp60187547-19] DEBUG c.e.b.c.web_app.ProjectsController - CONTROLLER - gotoEditProjectsPage(4,{})
220799 [qtp60187547-19] DEBUG c.e.b.c.s.ProjectsServiceRest - findById(4)
220813 [qtp60187547-19] DEBUG c.e.b.c.s.Projects_DevelopersServiceRest - selectDevelopersFromProjects_Developers(4) 
220822 [qtp60187547-19] DEBUG c.e.b.c.s.DevelopersServiceRest - findAll()
222666 [qtp60187547-26] DEBUG c.e.b.c.web_app.ProjectsController - updateProject(Project{projectId=4, description='My project 2222222222', dateAdded=2020-05-11}, org.springframework.validation.BeanPropertyBindingResult: 0 errors)
222667 [qtp60187547-26] DEBUG c.e.b.c.s.ProjectsServiceRest - update(Project{projectId=4, description='My project 2222222222', dateAdded=2020-05-11})
222689 [qtp60187547-19] DEBUG c.e.b.c.web_app.ProjectsController - Find all projects
222689 [qtp60187547-19] DEBUG c.e.b.c.s.ProjectsDtoServiceRest - countOfDevelopers()
239224 [qtp60187547-26] DEBUG c.e.b.c.web_app.ProjectsController - Find projects between dates. Date start = 2019-11-20, Date End = 2020-05-29
239224 [qtp60187547-26] DEBUG c.e.b.c.s.ProjectsDtoServiceRest - findBetweenDates(2019-11-20, 2020-05-29})
239367 [qtp60187547-26] DEBUG c.e.b.c.web_app.ProjectsController - ______________________ [{projectId=3, description=Create a web application based on Hibernate, dateAdded=2020-01-17, countOfDevelopers=1}, {projectId=4, description=My project 2222222222, dateAdded=2020-05-11, countOfDevelopers=2}]
244003 [qtp60187547-19] DEBUG c.e.b.c.web_app.ProjectsController - Find all projects
244003 [qtp60187547-19] DEBUG c.e.b.c.s.ProjectsDtoServiceRest - countOfDevelopers()
255263 [qtp60187547-27] DEBUG c.e.b.c.web_app.ProjectsController - delete(4,{})
255263 [qtp60187547-27] DEBUG c.e.b.c.s.ProjectsServiceRest - delete(4)
255289 [qtp60187547-19] DEBUG c.e.b.c.web_app.ProjectsController - Find all projects
255289 [qtp60187547-19] DEBUG c.e.b.c.s.ProjectsDtoServiceRest - countOfDevelopers()
259218 [qtp60187547-27] DEBUG c.e.b.c.w.DevelopersController - DCONTROLLER findAll()
259219 [qtp60187547-27] DEBUG c.e.b.c.s.DevelopersServiceRest - findAll()
261362 [qtp60187547-19] DEBUG c.e.b.c.w.DevelopersController - DCONTROLLER - gotoAddDeveloper()
269926 [qtp60187547-19] DEBUG c.e.b.c.w.DevelopersController - addEmployee(Developers{developerId=null, firstName='ss', lastName='Lopatassssssssssssssssssssssssssssssssssssssssssssssssssssssssssssssssssssssssssssssssssssssssssssssssssssss'}, org.springframework.validation.BeanPropertyBindingResult: 0 errors)
