16:36:46 [main] INFO  c.e.b.c.s.DevelopersServiceImplIT - Starting DevelopersServiceImplIT on alexey-Lenovo-ideapad-110-15ISK with PID 16293 (started by alexey in /home/alexey/IdeaProjects/Development-team-SpringBoot/development-team-Spring-boot/development-team-service)
16:36:46 [main] DEBUG c.e.b.c.s.DevelopersServiceImplIT - Running with Spring Boot v2.2.6.RELEASE, Spring v5.2.5.RELEASE
16:36:46 [main] INFO  c.e.b.c.s.DevelopersServiceImplIT - The following profiles are active: test
16:36:47 [main] INFO  c.e.b.c.s.DevelopersServiceImplIT - Started DevelopersServiceImplIT in 2.591 seconds (JVM running for 7.056)
16:36:51 [main] DEBUG c.e.b.c.s.DevelopersServiceImpl - create() developer = Developers{developerId=null, firstName='SPaBNpEkfgbZMoGyxZGX', lastName='XCcGbNTTQDSmVtHyFVsc'}
16:36:51 [main] DEBUG c.e.b.c.d.DevelopersJdbcDaoImpl - Create developer = Developers{developerId=null, firstName='SPaBNpEkfgbZMoGyxZGX', lastName='XCcGbNTTQDSmVtHyFVsc'} 
16:36:51 [main] DEBUG c.e.b.c.d.DevelopersJdbcDaoImpl - Res = 1 
16:36:51 [main] DEBUG c.e.b.c.s.DevelopersServiceImpl - findById developerId = 9
16:36:51 [main] DEBUG c.e.b.c.d.DevelopersJdbcDaoImpl - FindById developerId = 9
16:36:52 [main] DEBUG c.e.b.c.s.DevelopersServiceImpl - create() developer = Developers{developerId=null, firstName='exQvHTYbgQorotNoRjix', lastName='CZpuSDOXBsYoYQHuFnTZ'}
16:36:52 [main] DEBUG c.e.b.c.d.DevelopersJdbcDaoImpl - Create developer = Developers{developerId=null, firstName='exQvHTYbgQorotNoRjix', lastName='CZpuSDOXBsYoYQHuFnTZ'} 
16:36:52 [main] DEBUG c.e.b.c.d.DevelopersJdbcDaoImpl - Res = 1 
16:36:52 [main] DEBUG c.e.b.c.s.DevelopersServiceImpl - findById developerId = 9
16:36:52 [main] DEBUG c.e.b.c.d.DevelopersJdbcDaoImpl - FindById developerId = 9
16:36:52 [main] DEBUG c.e.b.c.s.DevelopersServiceImpl - create() developer = Developers{developerId=null, firstName='yoNKIYcYJSAQGKlYxrdw', lastName='jCiSKfxrhiaqkzTUquhF'}
16:36:52 [main] DEBUG c.e.b.c.d.DevelopersJdbcDaoImpl - Create developer = Developers{developerId=null, firstName='yoNKIYcYJSAQGKlYxrdw', lastName='jCiSKfxrhiaqkzTUquhF'} 
16:36:52 [main] DEBUG c.e.b.c.d.DevelopersJdbcDaoImpl - Res = 1 
16:36:52 [main] DEBUG c.e.b.c.s.DevelopersServiceImpl - delete() developerId = 9
16:36:52 [main] DEBUG c.e.b.c.d.DevelopersJdbcDaoImpl - Delete developerId = 9
16:36:52 [main] DEBUG c.e.b.c.s.DevelopersServiceImpl - findById developerId = 9
16:36:52 [main] DEBUG c.e.b.c.d.DevelopersJdbcDaoImpl - FindById developerId = 9
16:36:52 [main] DEBUG c.e.b.c.s.DevelopersServiceImpl - create() developer = Developers{developerId=null, firstName='iXyiZuoTywwnqvDOctoZ', lastName='wXoboinSQYDvoWwCDLJn'}
16:36:52 [main] DEBUG c.e.b.c.d.DevelopersJdbcDaoImpl - Create developer = Developers{developerId=null, firstName='iXyiZuoTywwnqvDOctoZ', lastName='wXoboinSQYDvoWwCDLJn'} 
16:36:52 [main] DEBUG c.e.b.c.d.DevelopersJdbcDaoImpl - Res = 1 
16:36:52 [main] DEBUG c.e.b.c.s.DevelopersServiceImpl - findById developerId = 9
16:36:52 [main] DEBUG c.e.b.c.d.DevelopersJdbcDaoImpl - FindById developerId = 9
16:36:52 [main] DEBUG c.e.b.c.s.DevelopersServiceImpl - update() developer = Developers{developerId=9, firstName='rfzNZqFFhWChAyEEjMGO', lastName='YeReLbhKFmOMnXLqNDqk'}
16:36:52 [main] DEBUG c.e.b.c.d.DevelopersJdbcDaoImpl - Update developer = Developers{developerId=9, firstName='rfzNZqFFhWChAyEEjMGO', lastName='YeReLbhKFmOMnXLqNDqk'}
16:36:52 [main] DEBUG c.e.b.c.d.DevelopersJdbcDaoImpl - Result = 1
16:36:52 [main] DEBUG c.e.b.c.s.DevelopersServiceImpl - findById developerId = 9
16:36:52 [main] DEBUG c.e.b.c.d.DevelopersJdbcDaoImpl - FindById developerId = 9
16:36:53 [main] DEBUG c.e.b.c.s.DevelopersServiceImpl - findAll()
16:36:53 [main] DEBUG c.e.b.c.d.DevelopersJdbcDaoImpl - FindAll
16:36:53 [main] INFO  c.e.b.c.s.ProjectsDtoServiceImplIT - Starting ProjectsDtoServiceImplIT on alexey-Lenovo-ideapad-110-15ISK with PID 16293 (started by alexey in /home/alexey/IdeaProjects/Development-team-SpringBoot/development-team-Spring-boot/development-team-service)
16:36:53 [main] DEBUG c.e.b.c.s.ProjectsDtoServiceImplIT - Running with Spring Boot v2.2.6.RELEASE, Spring v5.2.5.RELEASE
16:36:53 [main] INFO  c.e.b.c.s.ProjectsDtoServiceImplIT - The following profiles are active: test
16:36:53 [main] INFO  c.e.b.c.s.ProjectsDtoServiceImplIT - Started ProjectsDtoServiceImplIT in 0.606 seconds (JVM running for 12.885)
16:36:53 [main] DEBUG c.e.b.c.s.ProjectsServiceImpl - Create project - create(): project = Project{projectId=null, description='gWkFdSaNstSjOEcqhdDTerDzgSGYXTpOccVzMriqmtSdZKeELQCCsfUNfiXAuZqqaiEgxhlssmoLAjCEbvFMIhrvOcfioTZeHxmn', dateAdded=2020-05-15}
16:36:53 [main] DEBUG c.e.b.c.d.ProjectJdbcDaoImpl - Create new project Project{projectId=null, description='gWkFdSaNstSjOEcqhdDTerDzgSGYXTpOccVzMriqmtSdZKeELQCCsfUNfiXAuZqqaiEgxhlssmoLAjCEbvFMIhrvOcfioTZeHxmn', dateAdded=2020-05-15}
16:36:53 [main] DEBUG c.e.b.c.d.ProjectJdbcDaoImpl - Date 2020-05-15
16:36:53 [main] DEBUG c.e.b.c.s.ProjectsServiceImpl - Create project - create(): project = Project{projectId=null, description='lMAjIwLBlwvrfcclYstYJbkPKPkZvZaBwIktCJRQfNVDSZjPReCZgwSWOVVUOaVdNBqcUNqwdGxNhYTaOMEwmEeIHiophYFheIeB', dateAdded=2020-05-15}
16:36:53 [main] DEBUG c.e.b.c.d.ProjectJdbcDaoImpl - Create new project Project{projectId=null, description='lMAjIwLBlwvrfcclYstYJbkPKPkZvZaBwIktCJRQfNVDSZjPReCZgwSWOVVUOaVdNBqcUNqwdGxNhYTaOMEwmEeIHiophYFheIeB', dateAdded=2020-05-15}
16:36:53 [main] DEBUG c.e.b.c.d.ProjectJdbcDaoImpl - Date 2020-05-15
16:36:53 [main] DEBUG c.e.b.c.s.ProjectsDtoServiceImpl - Find project between dates - findBetweenDates
16:36:53 [main] DEBUG c.e.b.c.d.ProjectJdbcDaoDtoImpl - findBetweenDates. DateStart = 2020-05-15 DateEnd = 2020-05-15
16:36:54 [main] DEBUG c.e.b.c.s.ProjectsDtoServiceImpl - Count of developers - countOfDevelopers()
16:36:54 [main] DEBUG c.e.b.c.d.ProjectJdbcDaoDtoImpl - CountOfDevelopers()
16:36:54 [main] INFO  c.e.b.c.s.Projects_DevelopersServiceImplIT - Starting Projects_DevelopersServiceImplIT on alexey-Lenovo-ideapad-110-15ISK with PID 16293 (started by alexey in /home/alexey/IdeaProjects/Development-team-SpringBoot/development-team-Spring-boot/development-team-service)
16:36:54 [main] DEBUG c.e.b.c.s.Projects_DevelopersServiceImplIT - Running with Spring Boot v2.2.6.RELEASE, Spring v5.2.5.RELEASE
16:36:54 [main] INFO  c.e.b.c.s.Projects_DevelopersServiceImplIT - The following profiles are active: test
16:36:54 [main] INFO  c.e.b.c.s.Projects_DevelopersServiceImplIT - Started Projects_DevelopersServiceImplIT in 0.147 seconds (JVM running for 13.341)
16:36:54 [main] DEBUG c.e.b.c.s.DevelopersServiceImpl - create() developer = Developers{developerId=null, firstName='ErilUFoeiwXWIFEMplik', lastName='pgexozFjwKdIGRoCJMsW'}
16:36:54 [main] DEBUG c.e.b.c.d.DevelopersJdbcDaoImpl - Create developer = Developers{developerId=null, firstName='ErilUFoeiwXWIFEMplik', lastName='pgexozFjwKdIGRoCJMsW'} 
16:36:54 [main] DEBUG c.e.b.c.d.DevelopersJdbcDaoImpl - Res = 1 
16:36:54 [main] DEBUG c.e.b.c.s.DevelopersServiceImpl - create() developer = Developers{developerId=null, firstName='ErilUFoeiwXWIFEMplik', lastName='pgexozFjwKdIGRoCJMsW'}
16:36:54 [main] DEBUG c.e.b.c.d.DevelopersJdbcDaoImpl - Create developer = Developers{developerId=null, firstName='ErilUFoeiwXWIFEMplik', lastName='pgexozFjwKdIGRoCJMsW'} 
16:36:54 [main] DEBUG c.e.b.c.d.DevelopersJdbcDaoImpl - Res = 1 
16:36:54 [main] DEBUG c.e.b.c.s.ProjectsServiceImpl - Create project - create(): project = Project{projectId=null, description='aRyNxWYeZnWlQwBbGbqYMLjrMzmvyVSIhKHZoyWbARvvqSrPepLFQmIwITtnSAmRQpRzJzhhQhSigWcTNNMZdlXzRnmCKrBDXPUZ', dateAdded=2020-05-15}
16:36:54 [main] DEBUG c.e.b.c.d.ProjectJdbcDaoImpl - Create new project Project{projectId=null, description='aRyNxWYeZnWlQwBbGbqYMLjrMzmvyVSIhKHZoyWbARvvqSrPepLFQmIwITtnSAmRQpRzJzhhQhSigWcTNNMZdlXzRnmCKrBDXPUZ', dateAdded=2020-05-15}
16:36:54 [main] DEBUG c.e.b.c.d.ProjectJdbcDaoImpl - Date 2020-05-15
16:36:54 [main] DEBUG c.e.b.c.s.Projects_DevelopersServiceImpl - SERVICE addDeveloperToProjects_Developers(). Project id = 4, Developer id = 9
16:36:54 [main] DEBUG c.e.b.c.d.Projects_DevelopersJdbcDaoImpl - DAO addDeveloperToProjects_Developers() Project id = 4. Developer id = 9
16:36:54 [main] DEBUG c.e.b.c.s.Projects_DevelopersServiceImpl - SERVICE addDeveloperToProjects_Developers(). Project id = 4, Developer id = 10
16:36:54 [main] DEBUG c.e.b.c.d.Projects_DevelopersJdbcDaoImpl - DAO addDeveloperToProjects_Developers() Project id = 4. Developer id = 10
16:36:54 [main] DEBUG c.e.b.c.s.Projects_DevelopersServiceImpl - SERVICE selectDevelopersFromProjects_Developers(). Project id = 4
16:36:54 [main] DEBUG c.e.b.c.d.Projects_DevelopersJdbcDaoImpl - DAO SelectDeveloperFromProjects_Developers(). Project id = 4
16:36:54 [main] DEBUG c.e.b.c.s.Projects_DevelopersServiceImpl - Developer's list size = 2
16:36:54 [main] DEBUG c.e.b.c.s.DevelopersServiceImpl - create() developer = Developers{developerId=null, firstName='fGkGkoWUjwjGYNSMNvEQ', lastName='MqhIgHAHYVbGEcmkfGzn'}
16:36:54 [main] DEBUG c.e.b.c.d.DevelopersJdbcDaoImpl - Create developer = Developers{developerId=null, firstName='fGkGkoWUjwjGYNSMNvEQ', lastName='MqhIgHAHYVbGEcmkfGzn'} 
16:36:54 [main] DEBUG c.e.b.c.d.DevelopersJdbcDaoImpl - Res = 1 
16:36:54 [main] DEBUG c.e.b.c.s.ProjectsServiceImpl - Create project - create(): project = Project{projectId=null, description='SGZTTdYwmPGMBHmhjvMZOSgoAQfWdMzdJHgOjmukXkDcKGXOXpJsrjRHzMwhmwhmGwuHLRurFYmbVtqBDCDNKEbdGWdsZsgOCSvn', dateAdded=2020-05-15}
16:36:54 [main] DEBUG c.e.b.c.d.ProjectJdbcDaoImpl - Create new project Project{projectId=null, description='SGZTTdYwmPGMBHmhjvMZOSgoAQfWdMzdJHgOjmukXkDcKGXOXpJsrjRHzMwhmwhmGwuHLRurFYmbVtqBDCDNKEbdGWdsZsgOCSvn', dateAdded=2020-05-15}
16:36:54 [main] DEBUG c.e.b.c.d.ProjectJdbcDaoImpl - Date 2020-05-15
16:36:54 [main] DEBUG c.e.b.c.s.Projects_DevelopersServiceImpl - SERVICE addDeveloperToProjects_Developers(). Project id = 4, Developer id = 9
16:36:54 [main] DEBUG c.e.b.c.d.Projects_DevelopersJdbcDaoImpl - DAO addDeveloperToProjects_Developers() Project id = 4. Developer id = 9
16:36:54 [main] DEBUG c.e.b.c.s.Projects_DevelopersServiceImpl - SERVICE selectDevelopersFromProjects_Developers(). Project id = 4
16:36:54 [main] DEBUG c.e.b.c.d.Projects_DevelopersJdbcDaoImpl - DAO SelectDeveloperFromProjects_Developers(). Project id = 4
16:36:54 [main] DEBUG c.e.b.c.s.Projects_DevelopersServiceImpl - Developer's list size = 1
16:36:54 [main] DEBUG c.e.b.c.s.Projects_DevelopersServiceImpl - SERVICE deleteDeveloperFromProject_Developers(). Developer id = 9
16:36:54 [main] DEBUG c.e.b.c.d.Projects_DevelopersJdbcDaoImpl - DAO deleteDeveloperFromProject_Developers(). Developer id = 9, Project id = 4
16:36:54 [main] DEBUG c.e.b.c.s.Projects_DevelopersServiceImpl - SERVICE selectDevelopersFromProjects_Developers(). Project id = 4
16:36:54 [main] DEBUG c.e.b.c.d.Projects_DevelopersJdbcDaoImpl - DAO SelectDeveloperFromProjects_Developers(). Project id = 4
16:36:54 [main] DEBUG c.e.b.c.s.Projects_DevelopersServiceImpl - Developer's list size = 0
16:36:54 [main] DEBUG c.e.b.c.s.DevelopersServiceImpl - create() developer = Developers{developerId=null, firstName='TRKlrexbIKYiyaBbssBC', lastName='iYqStvQLyjscopuYCjzX'}
16:36:54 [main] DEBUG c.e.b.c.d.DevelopersJdbcDaoImpl - Create developer = Developers{developerId=null, firstName='TRKlrexbIKYiyaBbssBC', lastName='iYqStvQLyjscopuYCjzX'} 
16:36:54 [main] DEBUG c.e.b.c.d.DevelopersJdbcDaoImpl - Res = 1 
16:36:54 [main] DEBUG c.e.b.c.s.ProjectsServiceImpl - Create project - create(): project = Project{projectId=null, description='HBMiaOHYwtDcYJUaASQcwvLbMPFXuPrrLTEpDnaGLFkqzEKzFZEfKWjcQMfyzPNMOPsRRBWrbkgFhoVCCCwJqfxlcqvBFFYDHKYq', dateAdded=2020-05-15}
16:36:54 [main] DEBUG c.e.b.c.d.ProjectJdbcDaoImpl - Create new project Project{projectId=null, description='HBMiaOHYwtDcYJUaASQcwvLbMPFXuPrrLTEpDnaGLFkqzEKzFZEfKWjcQMfyzPNMOPsRRBWrbkgFhoVCCCwJqfxlcqvBFFYDHKYq', dateAdded=2020-05-15}
16:36:54 [main] DEBUG c.e.b.c.d.ProjectJdbcDaoImpl - Date 2020-05-15
16:36:54 [main] DEBUG c.e.b.c.s.Projects_DevelopersServiceImpl - SERVICE addDeveloperToProjects_Developers(). Project id = 4, Developer id = 9
16:36:54 [main] DEBUG c.e.b.c.d.Projects_DevelopersJdbcDaoImpl - DAO addDeveloperToProjects_Developers() Project id = 4. Developer id = 9
16:36:54 [main] DEBUG c.e.b.c.s.Projects_DevelopersServiceImpl - SERVICE selectDevelopersFromProjects_Developers(). Project id = 4
16:36:54 [main] DEBUG c.e.b.c.d.Projects_DevelopersJdbcDaoImpl - DAO SelectDeveloperFromProjects_Developers(). Project id = 4
16:36:54 [main] DEBUG c.e.b.c.s.Projects_DevelopersServiceImpl - Developer's list size = 1
