3868 [main] DEBUG c.e.b.c.service.ProjectsServiceImpl - Create project - create(): project = Project{projectId=null, description='gLQSPxIDdKPGCrpKzhtjgKRqEvPDsycxsidRhzXLVykDsaMOiLKvrgRmNxxZUyrmcxOAihQVjyJNurDVREKtBzKGIXpQTfBOgdir', dateAdded=2020-04-30}
4050 [main] DEBUG c.e.b.c.daoImpl.ProjectJdbcDaoImpl - Create new project Project{projectId=null, description='gLQSPxIDdKPGCrpKzhtjgKRqEvPDsycxsidRhzXLVykDsaMOiLKvrgRmNxxZUyrmcxOAihQVjyJNurDVREKtBzKGIXpQTfBOgdir', dateAdded=2020-04-30}
4076 [main] DEBUG c.e.b.c.daoImpl.ProjectJdbcDaoImpl - Date 2020-04-30
4077 [main] DEBUG c.e.b.c.service.ProjectsServiceImpl - Find by id - findById() projectId = 4
4107 [main] DEBUG c.e.b.c.daoImpl.ProjectJdbcDaoImpl - List of projects - size=:  1 
4130 [main] DEBUG c.e.b.c.service.ProjectsServiceImpl - Create project - create(): project = Project{projectId=null, description='UUTDxsGDjkzBOcMhUuxIXfYCznhziUliWGUflFoWpgijrkauaaSptvSreXaVFjtDIMPZmiLOoNNYvIPLlqePNzReXczBzgrsOSOh', dateAdded=2020-04-30}
4134 [main] DEBUG c.e.b.c.daoImpl.ProjectJdbcDaoImpl - Create new project Project{projectId=null, description='UUTDxsGDjkzBOcMhUuxIXfYCznhziUliWGUflFoWpgijrkauaaSptvSreXaVFjtDIMPZmiLOoNNYvIPLlqePNzReXczBzgrsOSOh', dateAdded=2020-04-30}
4138 [main] DEBUG c.e.b.c.daoImpl.ProjectJdbcDaoImpl - Date 2020-04-30
4139 [main] DEBUG c.e.b.c.service.ProjectsServiceImpl - Find by id - findById() projectId = 5
4144 [main] DEBUG c.e.b.c.daoImpl.ProjectJdbcDaoImpl - List of projects - size=:  1 
4158 [main] DEBUG c.e.b.c.service.ProjectsServiceImpl - Create project - create(): project = Project{projectId=null, description='lKdaZAruQQUHVjFeXyFQrraRKgtYKTTTOySlksRyixRnjYyBrrQXIqzKYrpgfZKGkaLkWNfedwfifqZJVtwMzYCXYYPlYxJQjHzQ', dateAdded=2020-04-30}
4169 [main] DEBUG c.e.b.c.daoImpl.ProjectJdbcDaoImpl - Create new project Project{projectId=null, description='lKdaZAruQQUHVjFeXyFQrraRKgtYKTTTOySlksRyixRnjYyBrrQXIqzKYrpgfZKGkaLkWNfedwfifqZJVtwMzYCXYYPlYxJQjHzQ', dateAdded=2020-04-30}
4182 [main] DEBUG c.e.b.c.daoImpl.ProjectJdbcDaoImpl - Date 2020-04-30
4182 [main] DEBUG c.e.b.c.service.ProjectsServiceImpl - Delete project - delete() projectId = 6
4183 [main] DEBUG c.e.b.c.daoImpl.ProjectJdbcDaoImpl - Delete project by id 6
4196 [main] DEBUG c.e.b.c.service.ProjectsServiceImpl - Find by id - findById() projectId = 6
4207 [main] DEBUG c.e.b.c.daoImpl.ProjectJdbcDaoImpl - List of projects - size=:  0 
4228 [main] DEBUG c.e.b.c.service.ProjectsServiceImpl - Create project - create(): project = Project{projectId=null, description='TextBeforeUpdate', dateAdded=2020-04-30}
4241 [main] DEBUG c.e.b.c.daoImpl.ProjectJdbcDaoImpl - Create new project Project{projectId=null, description='TextBeforeUpdate', dateAdded=2020-04-30}
4244 [main] DEBUG c.e.b.c.daoImpl.ProjectJdbcDaoImpl - Date 2020-04-30
4252 [main] DEBUG c.e.b.c.service.ProjectsServiceImpl - Find by id - findById() projectId = 7
4258 [main] DEBUG c.e.b.c.daoImpl.ProjectJdbcDaoImpl - List of projects - size=:  1 
4259 [main] DEBUG c.e.b.c.service.ProjectsServiceImpl - Update project - update(): project = Project{projectId=7, description='TextAfterUpdate', dateAdded=2020-04-30}
4259 [main] DEBUG c.e.b.c.daoImpl.ProjectJdbcDaoImpl - Date = :      2020-04-30
4269 [main] DEBUG c.e.b.c.service.ProjectsServiceImpl - Find by id - findById() projectId = 7
4274 [main] DEBUG c.e.b.c.daoImpl.ProjectJdbcDaoImpl - List of projects - size=:  1 
4283 [main] DEBUG c.e.b.c.service.ProjectsServiceImpl - Find all projects - findAll()
4283 [main] DEBUG c.e.b.c.daoImpl.ProjectJdbcDaoImpl - fidAll()
4320 [main] DEBUG c.e.b.c.s.DevelopersServiceImpl - create() developer = Developers{developerId=null, firstName='JpepQTLcifbgStjiKalv', lastName='llMZstDRoHArAaGwrcMA'}
4321 [main] DEBUG c.e.b.c.d.DevelopersJdbcDaoImpl - Create developer = Developers{developerId=null, firstName='JpepQTLcifbgStjiKalv', lastName='llMZstDRoHArAaGwrcMA'} 
4324 [main] DEBUG c.e.b.c.d.DevelopersJdbcDaoImpl - Res = 1 
4324 [main] DEBUG c.e.b.c.s.DevelopersServiceImpl - findById developerId = 9
4325 [main] DEBUG c.e.b.c.d.DevelopersJdbcDaoImpl - FindById developerId = 9
4361 [main] DEBUG c.e.b.c.s.DevelopersServiceImpl - create() developer = Developers{developerId=null, firstName='deHJHCYEBFrbhYmAeOJJ', lastName='eaSLSQENQjmgTkjAWekl'}
4362 [main] DEBUG c.e.b.c.d.DevelopersJdbcDaoImpl - Create developer = Developers{developerId=null, firstName='deHJHCYEBFrbhYmAeOJJ', lastName='eaSLSQENQjmgTkjAWekl'} 
4365 [main] DEBUG c.e.b.c.d.DevelopersJdbcDaoImpl - Res = 1 
4365 [main] DEBUG c.e.b.c.s.DevelopersServiceImpl - findById developerId = 10
4366 [main] DEBUG c.e.b.c.d.DevelopersJdbcDaoImpl - FindById developerId = 10
4393 [main] DEBUG c.e.b.c.s.DevelopersServiceImpl - create() developer = Developers{developerId=null, firstName='jkjUHSvTrvXTubqmFDdi', lastName='RqXvbTxVVutwWDPjSxjM'}
4393 [main] DEBUG c.e.b.c.d.DevelopersJdbcDaoImpl - Create developer = Developers{developerId=null, firstName='jkjUHSvTrvXTubqmFDdi', lastName='RqXvbTxVVutwWDPjSxjM'} 
4396 [main] DEBUG c.e.b.c.d.DevelopersJdbcDaoImpl - Res = 1 
4397 [main] DEBUG c.e.b.c.s.DevelopersServiceImpl - delete() developerId = 11
4397 [main] DEBUG c.e.b.c.d.DevelopersJdbcDaoImpl - Delete developerId = 11
4401 [main] DEBUG c.e.b.c.s.DevelopersServiceImpl - findById developerId = 11
4401 [main] DEBUG c.e.b.c.d.DevelopersJdbcDaoImpl - FindById developerId = 11
4421 [main] DEBUG c.e.b.c.s.DevelopersServiceImpl - create() developer = Developers{developerId=null, firstName='rznLHDruLDQwHFlgylzA', lastName='ScSxFJnZtMFsoxGqreiX'}
4427 [main] DEBUG c.e.b.c.d.DevelopersJdbcDaoImpl - Create developer = Developers{developerId=null, firstName='rznLHDruLDQwHFlgylzA', lastName='ScSxFJnZtMFsoxGqreiX'} 
4442 [main] DEBUG c.e.b.c.d.DevelopersJdbcDaoImpl - Res = 1 
4442 [main] DEBUG c.e.b.c.s.DevelopersServiceImpl - findById developerId = 12
4442 [main] DEBUG c.e.b.c.d.DevelopersJdbcDaoImpl - FindById developerId = 12
4446 [main] DEBUG c.e.b.c.s.DevelopersServiceImpl - update() developer = Developers{developerId=12, firstName='JrsYWuPTkBmxfnDIlWeo', lastName='MHopsSRPlzBtqfXFNTGG'}
4452 [main] DEBUG c.e.b.c.d.DevelopersJdbcDaoImpl - Update developer = Developers{developerId=12, firstName='JrsYWuPTkBmxfnDIlWeo', lastName='MHopsSRPlzBtqfXFNTGG'}
4455 [main] DEBUG c.e.b.c.d.DevelopersJdbcDaoImpl - Result = 1
4456 [main] DEBUG c.e.b.c.s.DevelopersServiceImpl - findById developerId = 12
4456 [main] DEBUG c.e.b.c.d.DevelopersJdbcDaoImpl - FindById developerId = 12
4499 [main] DEBUG c.e.b.c.s.DevelopersServiceImpl - findAll()
4499 [main] DEBUG c.e.b.c.d.DevelopersJdbcDaoImpl - FindAll
4565 [main] DEBUG c.e.b.c.service.ProjectsServiceImpl - Create project - create(): project = Project{projectId=null, description='ZrsAoNnJkmKJbhUXhQBzhWPnBbRGUDPKkbccvIIduMrjyeWBoQZPliiUNdvPiTGzQhkCHKTAGIqfvxKAjvktcbaCKWmBShnFuuHE', dateAdded=2020-04-30}
4577 [main] DEBUG c.e.b.c.daoImpl.ProjectJdbcDaoImpl - Create new project Project{projectId=null, description='ZrsAoNnJkmKJbhUXhQBzhWPnBbRGUDPKkbccvIIduMrjyeWBoQZPliiUNdvPiTGzQhkCHKTAGIqfvxKAjvktcbaCKWmBShnFuuHE', dateAdded=2020-04-30}
4582 [main] DEBUG c.e.b.c.daoImpl.ProjectJdbcDaoImpl - Date 2020-04-30
4583 [main] DEBUG c.e.b.c.service.ProjectsServiceImpl - Create project - create(): project = Project{projectId=null, description='jfpDgRSTiEbseOtvbshzexUZCBMdoqHVhYErdzxXhyPbPprBrGuGmTEDHyQTJTYkVDjQrNAgRgTnEHezdjysYryDcfLEeNvjPmLv', dateAdded=2020-04-30}
4605 [main] DEBUG c.e.b.c.daoImpl.ProjectJdbcDaoImpl - Create new project Project{projectId=null, description='jfpDgRSTiEbseOtvbshzexUZCBMdoqHVhYErdzxXhyPbPprBrGuGmTEDHyQTJTYkVDjQrNAgRgTnEHezdjysYryDcfLEeNvjPmLv', dateAdded=2020-04-30}
4617 [main] DEBUG c.e.b.c.daoImpl.ProjectJdbcDaoImpl - Date 2020-04-30
4618 [main] DEBUG c.e.b.c.s.ProjectsDtoServiceImpl - Find project between dates - findBetweenDates
4619 [main] DEBUG c.e.b.c.d.ProjectJdbcDaoDtoImpl - findBetweenDates. DateStart = 2020-04-30 DateEnd = 2020-04-30
4666 [main] DEBUG c.e.b.c.s.ProjectsDtoServiceImpl - Count of developers - countOfDevelopers()
4667 [main] DEBUG c.e.b.c.d.ProjectJdbcDaoDtoImpl - CountOfDevelopers()
4720 [main] DEBUG c.e.b.c.s.DevelopersServiceImpl - create() developer = Developers{developerId=null, firstName='xceNZpczvhhnupjCTnqf', lastName='IagWDUGGwlpHRpsltcdu'}
4721 [main] DEBUG c.e.b.c.d.DevelopersJdbcDaoImpl - Create developer = Developers{developerId=null, firstName='xceNZpczvhhnupjCTnqf', lastName='IagWDUGGwlpHRpsltcdu'} 
4725 [main] DEBUG c.e.b.c.d.DevelopersJdbcDaoImpl - Res = 1 
4726 [main] DEBUG c.e.b.c.s.DevelopersServiceImpl - create() developer = Developers{developerId=null, firstName='xceNZpczvhhnupjCTnqf', lastName='IagWDUGGwlpHRpsltcdu'}
4726 [main] DEBUG c.e.b.c.d.DevelopersJdbcDaoImpl - Create developer = Developers{developerId=null, firstName='xceNZpczvhhnupjCTnqf', lastName='IagWDUGGwlpHRpsltcdu'} 
4729 [main] DEBUG c.e.b.c.d.DevelopersJdbcDaoImpl - Res = 1 
4729 [main] DEBUG c.e.b.c.service.ProjectsServiceImpl - Create project - create(): project = Project{projectId=null, description='OaTjULMKtnOnoqpgewOpiCjPASJJkDPEBqjXbwaTcgbixkJkpazcQrVyuhHlblPzADEafyyYfMvlZwBVyRhTqhnSgTBRjGruOcTg', dateAdded=2020-04-30}
4734 [main] DEBUG c.e.b.c.daoImpl.ProjectJdbcDaoImpl - Create new project Project{projectId=null, description='OaTjULMKtnOnoqpgewOpiCjPASJJkDPEBqjXbwaTcgbixkJkpazcQrVyuhHlblPzADEafyyYfMvlZwBVyRhTqhnSgTBRjGruOcTg', dateAdded=2020-04-30}
4738 [main] DEBUG c.e.b.c.daoImpl.ProjectJdbcDaoImpl - Date 2020-04-30
4738 [main] DEBUG c.e.b.c.s.Projects_DevelopersServiceImpl - SERVICE addDeveloperToProjects_Developers(). Project id = 10, Developer id = 13
4739 [main] DEBUG c.e.b.c.d.Projects_DevelopersJdbcDaoImpl - DAO addDeveloperToProjects_Developers() Project id = 10. Developer id = 13
4749 [main] DEBUG c.e.b.c.s.Projects_DevelopersServiceImpl - SERVICE addDeveloperToProjects_Developers(). Project id = 10, Developer id = 14
4749 [main] DEBUG c.e.b.c.d.Projects_DevelopersJdbcDaoImpl - DAO addDeveloperToProjects_Developers() Project id = 10. Developer id = 14
4752 [main] DEBUG c.e.b.c.s.Projects_DevelopersServiceImpl - SERVICE selectDevelopersFromProjects_Developers(). Project id = 10
4753 [main] DEBUG c.e.b.c.d.Projects_DevelopersJdbcDaoImpl - DAO SelectDeveloperFromProjects_Developers(). Project id = 10
4764 [main] DEBUG c.e.b.c.s.Projects_DevelopersServiceImpl - Developer's list size = 2
4787 [main] DEBUG c.e.b.c.s.DevelopersServiceImpl - create() developer = Developers{developerId=null, firstName='IhLpmxmCPfFFVYgUyvqH', lastName='wpFhQSDBrIVvRCaYFRDc'}
4789 [main] DEBUG c.e.b.c.d.DevelopersJdbcDaoImpl - Create developer = Developers{developerId=null, firstName='IhLpmxmCPfFFVYgUyvqH', lastName='wpFhQSDBrIVvRCaYFRDc'} 
4816 [main] DEBUG c.e.b.c.d.DevelopersJdbcDaoImpl - Res = 1 
4816 [main] DEBUG c.e.b.c.service.ProjectsServiceImpl - Create project - create(): project = Project{projectId=null, description='XUwCXePiRnOmqmSTjOpaEesrbEVZlgKPQgofQTOnySpOOzusKcamlzfnGtnszJhOqDRllduMpONoXSmRfaJzxyIHkVQqvBvnEUms', dateAdded=2020-04-30}
4823 [main] DEBUG c.e.b.c.daoImpl.ProjectJdbcDaoImpl - Create new project Project{projectId=null, description='XUwCXePiRnOmqmSTjOpaEesrbEVZlgKPQgofQTOnySpOOzusKcamlzfnGtnszJhOqDRllduMpONoXSmRfaJzxyIHkVQqvBvnEUms', dateAdded=2020-04-30}
4830 [main] DEBUG c.e.b.c.daoImpl.ProjectJdbcDaoImpl - Date 2020-04-30
4830 [main] DEBUG c.e.b.c.s.Projects_DevelopersServiceImpl - SERVICE addDeveloperToProjects_Developers(). Project id = 11, Developer id = 15
4831 [main] DEBUG c.e.b.c.d.Projects_DevelopersJdbcDaoImpl - DAO addDeveloperToProjects_Developers() Project id = 11. Developer id = 15
4834 [main] DEBUG c.e.b.c.s.Projects_DevelopersServiceImpl - SERVICE selectDevelopersFromProjects_Developers(). Project id = 11
4834 [main] DEBUG c.e.b.c.d.Projects_DevelopersJdbcDaoImpl - DAO SelectDeveloperFromProjects_Developers(). Project id = 11
4844 [main] DEBUG c.e.b.c.s.Projects_DevelopersServiceImpl - Developer's list size = 1
4844 [main] DEBUG c.e.b.c.s.Projects_DevelopersServiceImpl - SERVICE deleteDeveloperFromProject_Developers(). Developer id = 15
4845 [main] DEBUG c.e.b.c.d.Projects_DevelopersJdbcDaoImpl - DAO deleteDeveloperFromProject_Developers(). Developer id = 15, Project id = 11
4852 [main] DEBUG c.e.b.c.s.Projects_DevelopersServiceImpl - SERVICE selectDevelopersFromProjects_Developers(). Project id = 11
4852 [main] DEBUG c.e.b.c.d.Projects_DevelopersJdbcDaoImpl - DAO SelectDeveloperFromProjects_Developers(). Project id = 11
4858 [main] DEBUG c.e.b.c.s.Projects_DevelopersServiceImpl - Developer's list size = 0
4871 [main] DEBUG c.e.b.c.s.DevelopersServiceImpl - create() developer = Developers{developerId=null, firstName='nGjFOfPWeXVpwOUljJcz', lastName='MHHnXfIYfSBGfFvNoEXL'}
4871 [main] DEBUG c.e.b.c.d.DevelopersJdbcDaoImpl - Create developer = Developers{developerId=null, firstName='nGjFOfPWeXVpwOUljJcz', lastName='MHHnXfIYfSBGfFvNoEXL'} 
4878 [main] DEBUG c.e.b.c.d.DevelopersJdbcDaoImpl - Res = 1 
4878 [main] DEBUG c.e.b.c.service.ProjectsServiceImpl - Create project - create(): project = Project{projectId=null, description='tLrDjvAfggQEYTtjUERLSnSnWGSJWzOlThHKVVKcyUcnBCCwJHeEhixesPzxrEgGqPAWENPtpNpcSpyGRxiVaqwWIFfOhuhMHOyB', dateAdded=2020-04-30}
4891 [main] DEBUG c.e.b.c.daoImpl.ProjectJdbcDaoImpl - Create new project Project{projectId=null, description='tLrDjvAfggQEYTtjUERLSnSnWGSJWzOlThHKVVKcyUcnBCCwJHeEhixesPzxrEgGqPAWENPtpNpcSpyGRxiVaqwWIFfOhuhMHOyB', dateAdded=2020-04-30}
4896 [main] DEBUG c.e.b.c.daoImpl.ProjectJdbcDaoImpl - Date 2020-04-30
4896 [main] DEBUG c.e.b.c.s.Projects_DevelopersServiceImpl - SERVICE addDeveloperToProjects_Developers(). Project id = 12, Developer id = 16
4896 [main] DEBUG c.e.b.c.d.Projects_DevelopersJdbcDaoImpl - DAO addDeveloperToProjects_Developers() Project id = 12. Developer id = 16
4899 [main] DEBUG c.e.b.c.s.Projects_DevelopersServiceImpl - SERVICE selectDevelopersFromProjects_Developers(). Project id = 12
4900 [main] DEBUG c.e.b.c.d.Projects_DevelopersJdbcDaoImpl - DAO SelectDeveloperFromProjects_Developers(). Project id = 12
4906 [main] DEBUG c.e.b.c.s.Projects_DevelopersServiceImpl - Developer's list size = 1
