3338 [main] DEBUG c.e.b.c.service.ProjectsServiceImpl - Create project - create(): project = Project{projectId=null, description='ywtxfbIcYdKkQcwGyhLIIoTsudiebBWTqZjckCdobNpaPDoLUSjXuwXgsnFIUwbdfPXtYJGopteREAHMWepaTGZTPrpARGLBFGMK', dateAdded=2020-04-28}
3483 [main] DEBUG c.e.b.c.daoImpl.ProjectJdbcDaoImpl - Create new project Project{projectId=null, description='ywtxfbIcYdKkQcwGyhLIIoTsudiebBWTqZjckCdobNpaPDoLUSjXuwXgsnFIUwbdfPXtYJGopteREAHMWepaTGZTPrpARGLBFGMK', dateAdded=2020-04-28}
3503 [main] DEBUG c.e.b.c.daoImpl.ProjectJdbcDaoImpl - Date 2020-04-28
3503 [main] DEBUG c.e.b.c.service.ProjectsServiceImpl - Find by id - findById() projectId = 4
3526 [main] DEBUG c.e.b.c.daoImpl.ProjectJdbcDaoImpl - List of projects - size=:  1 
3548 [main] DEBUG c.e.b.c.service.ProjectsServiceImpl - Create project - create(): project = Project{projectId=null, description='wNbxtTGHJCSorWxjgiZcUdpEmgfHeTlfKcJtvsiZlAbYtdQwQqeARJllOsbkgxhDvrtsZePgkBIQgICYrrFWNbrSZsWBcZXEyLGy', dateAdded=2020-04-28}
3552 [main] DEBUG c.e.b.c.daoImpl.ProjectJdbcDaoImpl - Create new project Project{projectId=null, description='wNbxtTGHJCSorWxjgiZcUdpEmgfHeTlfKcJtvsiZlAbYtdQwQqeARJllOsbkgxhDvrtsZePgkBIQgICYrrFWNbrSZsWBcZXEyLGy', dateAdded=2020-04-28}
3556 [main] DEBUG c.e.b.c.daoImpl.ProjectJdbcDaoImpl - Date 2020-04-28
3556 [main] DEBUG c.e.b.c.service.ProjectsServiceImpl - Find by id - findById() projectId = 5
3561 [main] DEBUG c.e.b.c.daoImpl.ProjectJdbcDaoImpl - List of projects - size=:  1 
3580 [main] DEBUG c.e.b.c.service.ProjectsServiceImpl - Create project - create(): project = Project{projectId=null, description='TfMNamIXBdJyaxYzuvldgxCqbeqRvKltROTClfVZRTseCDCvPfBgfAfLLaKmoOqjKxUtvLlsiaKvbCPctiGvPQNPZWQNJAYeQNQk', dateAdded=2020-04-28}
3585 [main] DEBUG c.e.b.c.daoImpl.ProjectJdbcDaoImpl - Create new project Project{projectId=null, description='TfMNamIXBdJyaxYzuvldgxCqbeqRvKltROTClfVZRTseCDCvPfBgfAfLLaKmoOqjKxUtvLlsiaKvbCPctiGvPQNPZWQNJAYeQNQk', dateAdded=2020-04-28}
3588 [main] DEBUG c.e.b.c.daoImpl.ProjectJdbcDaoImpl - Date 2020-04-28
3589 [main] DEBUG c.e.b.c.service.ProjectsServiceImpl - Delete project - delete() projectId = 6
3589 [main] DEBUG c.e.b.c.daoImpl.ProjectJdbcDaoImpl - Delete project by id 6
3601 [main] DEBUG c.e.b.c.service.ProjectsServiceImpl - Find by id - findById() projectId = 6
3607 [main] DEBUG c.e.b.c.daoImpl.ProjectJdbcDaoImpl - List of projects - size=:  0 
3621 [main] DEBUG c.e.b.c.service.ProjectsServiceImpl - Create project - create(): project = Project{projectId=null, description='TextBeforeUpdate', dateAdded=2020-04-28}
3624 [main] DEBUG c.e.b.c.daoImpl.ProjectJdbcDaoImpl - Create new project Project{projectId=null, description='TextBeforeUpdate', dateAdded=2020-04-28}
3632 [main] DEBUG c.e.b.c.daoImpl.ProjectJdbcDaoImpl - Date 2020-04-28
3632 [main] DEBUG c.e.b.c.service.ProjectsServiceImpl - Find by id - findById() projectId = 7
3639 [main] DEBUG c.e.b.c.daoImpl.ProjectJdbcDaoImpl - List of projects - size=:  1 
3639 [main] DEBUG c.e.b.c.service.ProjectsServiceImpl - Update project - update(): project = Project{projectId=7, description='TextAfterUpdate', dateAdded=2020-04-28}
3640 [main] DEBUG c.e.b.c.daoImpl.ProjectJdbcDaoImpl - Date = :      2020-04-28
3646 [main] DEBUG c.e.b.c.service.ProjectsServiceImpl - Find by id - findById() projectId = 7
3652 [main] DEBUG c.e.b.c.daoImpl.ProjectJdbcDaoImpl - List of projects - size=:  1 
3662 [main] DEBUG c.e.b.c.service.ProjectsServiceImpl - Find all projects - findAll()
3663 [main] DEBUG c.e.b.c.daoImpl.ProjectJdbcDaoImpl - fidAll()
3756 [main] DEBUG c.e.b.c.s.DevelopersServiceImpl - create() developer = Developers{developerId=null, firstName='rCaNQAkPxGcLjGUgCiVB', lastName='eFOFggcApCadkUppYVoR'}
3757 [main] DEBUG c.e.b.c.d.DevelopersJdbcDaoImpl - Create developer = Developers{developerId=null, firstName='rCaNQAkPxGcLjGUgCiVB', lastName='eFOFggcApCadkUppYVoR'} 
3782 [main] DEBUG c.e.b.c.d.DevelopersJdbcDaoImpl - Res = 1 
3784 [main] DEBUG c.e.b.c.s.DevelopersServiceImpl - findById developerId = 9
3784 [main] DEBUG c.e.b.c.d.DevelopersJdbcDaoImpl - FindById developerId = 9
3827 [main] DEBUG c.e.b.c.s.DevelopersServiceImpl - create() developer = Developers{developerId=null, firstName='isuteppxmVbNIJWtuUtI', lastName='AmhKCFNScDYfKAQSryhQ'}
3828 [main] DEBUG c.e.b.c.d.DevelopersJdbcDaoImpl - Create developer = Developers{developerId=null, firstName='isuteppxmVbNIJWtuUtI', lastName='AmhKCFNScDYfKAQSryhQ'} 
3831 [main] DEBUG c.e.b.c.d.DevelopersJdbcDaoImpl - Res = 1 
3831 [main] DEBUG c.e.b.c.s.DevelopersServiceImpl - findById developerId = 10
3832 [main] DEBUG c.e.b.c.d.DevelopersJdbcDaoImpl - FindById developerId = 10
3851 [main] DEBUG c.e.b.c.s.DevelopersServiceImpl - create() developer = Developers{developerId=null, firstName='FJGYRkYJfbMdvCXgEWqg', lastName='TESHAWGxKZBkqGHxyQSE'}
3852 [main] DEBUG c.e.b.c.d.DevelopersJdbcDaoImpl - Create developer = Developers{developerId=null, firstName='FJGYRkYJfbMdvCXgEWqg', lastName='TESHAWGxKZBkqGHxyQSE'} 
3858 [main] DEBUG c.e.b.c.d.DevelopersJdbcDaoImpl - Res = 1 
3858 [main] DEBUG c.e.b.c.s.DevelopersServiceImpl - delete() developerId = 11
3859 [main] DEBUG c.e.b.c.d.DevelopersJdbcDaoImpl - Delete developerId = 11
3863 [main] DEBUG c.e.b.c.s.DevelopersServiceImpl - findById developerId = 11
3863 [main] DEBUG c.e.b.c.d.DevelopersJdbcDaoImpl - FindById developerId = 11
3882 [main] DEBUG c.e.b.c.s.DevelopersServiceImpl - create() developer = Developers{developerId=null, firstName='PBOOJkgXbtBAIHOnpkgA', lastName='pFJrPhhkYJXzMUTOmWoF'}
3883 [main] DEBUG c.e.b.c.d.DevelopersJdbcDaoImpl - Create developer = Developers{developerId=null, firstName='PBOOJkgXbtBAIHOnpkgA', lastName='pFJrPhhkYJXzMUTOmWoF'} 
3886 [main] DEBUG c.e.b.c.d.DevelopersJdbcDaoImpl - Res = 1 
3886 [main] DEBUG c.e.b.c.s.DevelopersServiceImpl - findById developerId = 12
3887 [main] DEBUG c.e.b.c.d.DevelopersJdbcDaoImpl - FindById developerId = 12
3891 [main] DEBUG c.e.b.c.s.DevelopersServiceImpl - update() developer = Developers{developerId=12, firstName='thxtTEzjjSUoedpRobOn', lastName='uyorVrJGaSYHbjGERjQn'}
3892 [main] DEBUG c.e.b.c.d.DevelopersJdbcDaoImpl - Update developer = Developers{developerId=12, firstName='thxtTEzjjSUoedpRobOn', lastName='uyorVrJGaSYHbjGERjQn'}
3895 [main] DEBUG c.e.b.c.d.DevelopersJdbcDaoImpl - Result = 1
3896 [main] DEBUG c.e.b.c.s.DevelopersServiceImpl - findById developerId = 12
3896 [main] DEBUG c.e.b.c.d.DevelopersJdbcDaoImpl - FindById developerId = 12
3911 [main] DEBUG c.e.b.c.s.DevelopersServiceImpl - findAll()
3911 [main] DEBUG c.e.b.c.d.DevelopersJdbcDaoImpl - FindAll
3949 [main] DEBUG c.e.b.c.service.ProjectsServiceImpl - Create project - create(): project = Project{projectId=null, description='UOjVuItrtFlUKtqxswJtXHktOzGhYFpeleFLlKkbgUyMrdOLKMEiScpYAJomlMqjlTbNUojRnRUPFLmGFnGXdVGTzoIfmyKxjHRf', dateAdded=2020-04-28}
3963 [main] DEBUG c.e.b.c.daoImpl.ProjectJdbcDaoImpl - Create new project Project{projectId=null, description='UOjVuItrtFlUKtqxswJtXHktOzGhYFpeleFLlKkbgUyMrdOLKMEiScpYAJomlMqjlTbNUojRnRUPFLmGFnGXdVGTzoIfmyKxjHRf', dateAdded=2020-04-28}
3975 [main] DEBUG c.e.b.c.daoImpl.ProjectJdbcDaoImpl - Date 2020-04-28
3984 [main] DEBUG c.e.b.c.service.ProjectsServiceImpl - Create project - create(): project = Project{projectId=null, description='LwBtqosVIZtXggeOlsnRIBNPmBvVLkrpFnVhirbZhbGTKOsSeRBbFqyCXVxPdvDwwDaxfPGSPAoEJxOemchmAIpSFTMevxvTcJGG', dateAdded=2020-04-28}
3992 [main] DEBUG c.e.b.c.daoImpl.ProjectJdbcDaoImpl - Create new project Project{projectId=null, description='LwBtqosVIZtXggeOlsnRIBNPmBvVLkrpFnVhirbZhbGTKOsSeRBbFqyCXVxPdvDwwDaxfPGSPAoEJxOemchmAIpSFTMevxvTcJGG', dateAdded=2020-04-28}
3996 [main] DEBUG c.e.b.c.daoImpl.ProjectJdbcDaoImpl - Date 2020-04-28
3996 [main] DEBUG c.e.b.c.s.ProjectsDtoServiceImpl - Find project between dates - findBetweenDates
3997 [main] DEBUG c.e.b.c.d.ProjectJdbcDaoDtoImpl - findBetweenDates. DateStart = 2020-04-28 DateEnd = 2020-04-28
4026 [main] DEBUG c.e.b.c.s.ProjectsDtoServiceImpl - Count of developers - countOfDevelopers()
4026 [main] DEBUG c.e.b.c.d.ProjectJdbcDaoDtoImpl - CountOfDevelopers()
4080 [main] DEBUG c.e.b.c.s.DevelopersServiceImpl - create() developer = Developers{developerId=null, firstName='ceyxpfsIEDtLtMKqSDvy', lastName='vTbCLefmPUZqozWDsxSO'}
4081 [main] DEBUG c.e.b.c.d.DevelopersJdbcDaoImpl - Create developer = Developers{developerId=null, firstName='ceyxpfsIEDtLtMKqSDvy', lastName='vTbCLefmPUZqozWDsxSO'} 
4089 [main] DEBUG c.e.b.c.d.DevelopersJdbcDaoImpl - Res = 1 
4089 [main] DEBUG c.e.b.c.s.DevelopersServiceImpl - create() developer = Developers{developerId=null, firstName='ceyxpfsIEDtLtMKqSDvy', lastName='vTbCLefmPUZqozWDsxSO'}
4089 [main] DEBUG c.e.b.c.d.DevelopersJdbcDaoImpl - Create developer = Developers{developerId=null, firstName='ceyxpfsIEDtLtMKqSDvy', lastName='vTbCLefmPUZqozWDsxSO'} 
4092 [main] DEBUG c.e.b.c.d.DevelopersJdbcDaoImpl - Res = 1 
4093 [main] DEBUG c.e.b.c.service.ProjectsServiceImpl - Create project - create(): project = Project{projectId=null, description='QufMLUgxLvPrjeBoUGFZoSqDjbZTzgNyJUAbciDyceEMRFsTbhghRiFsRsxoazACRVrhyQHipvvwyXkeIjkkHVyYKokZEFJJtyrt', dateAdded=2020-04-28}
4104 [main] DEBUG c.e.b.c.daoImpl.ProjectJdbcDaoImpl - Create new project Project{projectId=null, description='QufMLUgxLvPrjeBoUGFZoSqDjbZTzgNyJUAbciDyceEMRFsTbhghRiFsRsxoazACRVrhyQHipvvwyXkeIjkkHVyYKokZEFJJtyrt', dateAdded=2020-04-28}
4111 [main] DEBUG c.e.b.c.daoImpl.ProjectJdbcDaoImpl - Date 2020-04-28
4116 [main] DEBUG c.e.b.c.s.Projects_DevelopersServiceImpl - SERVICE addDeveloperToProjects_Developers(). Project id = 10, Developer id = 13
4117 [main] DEBUG c.e.b.c.d.Projects_DevelopersJdbcDaoImpl - DAO addDeveloperToProjects_Developers() Project id = 10. Developer id = 13
4121 [main] DEBUG c.e.b.c.s.Projects_DevelopersServiceImpl - SERVICE addDeveloperToProjects_Developers(). Project id = 10, Developer id = 14
4121 [main] DEBUG c.e.b.c.d.Projects_DevelopersJdbcDaoImpl - DAO addDeveloperToProjects_Developers() Project id = 10. Developer id = 14
4128 [main] DEBUG c.e.b.c.s.Projects_DevelopersServiceImpl - SERVICE selectDevelopersFromProjects_Developers(). Project id = 10
4129 [main] DEBUG c.e.b.c.d.Projects_DevelopersJdbcDaoImpl - DAO SelectDeveloperFromProjects_Developers(). Project id = 10
4139 [main] DEBUG c.e.b.c.s.Projects_DevelopersServiceImpl - Developer's list size = 2
4155 [main] DEBUG c.e.b.c.s.DevelopersServiceImpl - create() developer = Developers{developerId=null, firstName='ZZugDyPXFEoJLFIRyuPh', lastName='WLcEUaGtnFadSFNpLISs'}
4156 [main] DEBUG c.e.b.c.d.DevelopersJdbcDaoImpl - Create developer = Developers{developerId=null, firstName='ZZugDyPXFEoJLFIRyuPh', lastName='WLcEUaGtnFadSFNpLISs'} 
4162 [main] DEBUG c.e.b.c.d.DevelopersJdbcDaoImpl - Res = 1 
4162 [main] DEBUG c.e.b.c.service.ProjectsServiceImpl - Create project - create(): project = Project{projectId=null, description='lbaSHpBcuGpFekzmHWNfWHQzCwtSgffWlmHZszzqwSszrxeSNxyOXsNlPmmjiFHPpgvbeVwgadQYJaUGHSgYuTtZQEmKmtdgfayp', dateAdded=2020-04-28}
4169 [main] DEBUG c.e.b.c.daoImpl.ProjectJdbcDaoImpl - Create new project Project{projectId=null, description='lbaSHpBcuGpFekzmHWNfWHQzCwtSgffWlmHZszzqwSszrxeSNxyOXsNlPmmjiFHPpgvbeVwgadQYJaUGHSgYuTtZQEmKmtdgfayp', dateAdded=2020-04-28}
4175 [main] DEBUG c.e.b.c.daoImpl.ProjectJdbcDaoImpl - Date 2020-04-28
4175 [main] DEBUG c.e.b.c.s.Projects_DevelopersServiceImpl - SERVICE addDeveloperToProjects_Developers(). Project id = 11, Developer id = 15
4176 [main] DEBUG c.e.b.c.d.Projects_DevelopersJdbcDaoImpl - DAO addDeveloperToProjects_Developers() Project id = 11. Developer id = 15
4180 [main] DEBUG c.e.b.c.s.Projects_DevelopersServiceImpl - SERVICE selectDevelopersFromProjects_Developers(). Project id = 11
4180 [main] DEBUG c.e.b.c.d.Projects_DevelopersJdbcDaoImpl - DAO SelectDeveloperFromProjects_Developers(). Project id = 11
4188 [main] DEBUG c.e.b.c.s.Projects_DevelopersServiceImpl - Developer's list size = 1
4188 [main] DEBUG c.e.b.c.s.Projects_DevelopersServiceImpl - SERVICE deleteDeveloperFromProject_Developers(). Developer id = 15
4188 [main] DEBUG c.e.b.c.d.Projects_DevelopersJdbcDaoImpl - DAO deleteDeveloperFromProject_Developers(). Developer id = 15, Project id = 11
4191 [main] DEBUG c.e.b.c.s.Projects_DevelopersServiceImpl - SERVICE selectDevelopersFromProjects_Developers(). Project id = 11
4192 [main] DEBUG c.e.b.c.d.Projects_DevelopersJdbcDaoImpl - DAO SelectDeveloperFromProjects_Developers(). Project id = 11
4195 [main] DEBUG c.e.b.c.s.Projects_DevelopersServiceImpl - Developer's list size = 0
4201 [main] DEBUG c.e.b.c.s.DevelopersServiceImpl - create() developer = Developers{developerId=null, firstName='IoLgTSgKhmtjzziCtBlb', lastName='oYgQuXPHveXjlEQlHOYM'}
4201 [main] DEBUG c.e.b.c.d.DevelopersJdbcDaoImpl - Create developer = Developers{developerId=null, firstName='IoLgTSgKhmtjzziCtBlb', lastName='oYgQuXPHveXjlEQlHOYM'} 
4206 [main] DEBUG c.e.b.c.d.DevelopersJdbcDaoImpl - Res = 1 
4206 [main] DEBUG c.e.b.c.service.ProjectsServiceImpl - Create project - create(): project = Project{projectId=null, description='cTFgAbBKIupqleXlgoMlugCjIUblVAZJBjDPpNNioOrzqEPxMtQdQpqyAZuuKgnKVcpYDSdkiZuQpStxNwxnDerxyfGDfETAuMFF', dateAdded=2020-04-28}
4209 [main] DEBUG c.e.b.c.daoImpl.ProjectJdbcDaoImpl - Create new project Project{projectId=null, description='cTFgAbBKIupqleXlgoMlugCjIUblVAZJBjDPpNNioOrzqEPxMtQdQpqyAZuuKgnKVcpYDSdkiZuQpStxNwxnDerxyfGDfETAuMFF', dateAdded=2020-04-28}
4212 [main] DEBUG c.e.b.c.daoImpl.ProjectJdbcDaoImpl - Date 2020-04-28
4212 [main] DEBUG c.e.b.c.s.Projects_DevelopersServiceImpl - SERVICE addDeveloperToProjects_Developers(). Project id = 12, Developer id = 16
4212 [main] DEBUG c.e.b.c.d.Projects_DevelopersJdbcDaoImpl - DAO addDeveloperToProjects_Developers() Project id = 12. Developer id = 16
4215 [main] DEBUG c.e.b.c.s.Projects_DevelopersServiceImpl - SERVICE selectDevelopersFromProjects_Developers(). Project id = 12
4215 [main] DEBUG c.e.b.c.d.Projects_DevelopersJdbcDaoImpl - DAO SelectDeveloperFromProjects_Developers(). Project id = 12
4220 [main] DEBUG c.e.b.c.s.Projects_DevelopersServiceImpl - Developer's list size = 1
