3190 [main] DEBUG c.e.b.c.service.ProjectsServiceImpl - Create project - create(): project = Project{projectId=null, description='lEzXtYhxMAuDMSyguxuGgLMXhGItjKmTyIYNvIxdTkvvJloZQWrxdUVquSMnfhUJFTHmyHaHRnEMrNlWxyErDNuSnEiKTLMBnDCN', dateAdded=2020-04-28}
3396 [main] DEBUG c.e.b.c.daoImpl.ProjectJdbcDaoImpl - Create new project Project{projectId=null, description='lEzXtYhxMAuDMSyguxuGgLMXhGItjKmTyIYNvIxdTkvvJloZQWrxdUVquSMnfhUJFTHmyHaHRnEMrNlWxyErDNuSnEiKTLMBnDCN', dateAdded=2020-04-28}
3418 [main] DEBUG c.e.b.c.daoImpl.ProjectJdbcDaoImpl - Date 2020-04-28
3418 [main] DEBUG c.e.b.c.service.ProjectsServiceImpl - Find by id - findById() projectId = 4
3454 [main] DEBUG c.e.b.c.daoImpl.ProjectJdbcDaoImpl - List of projects - size=:  1 
3490 [main] DEBUG c.e.b.c.service.ProjectsServiceImpl - Create project - create(): project = Project{projectId=null, description='iRdNzpEYOHGtNyOGzNmeTgbZffXXvhwqChDMghGwXShJmhAgSygEwjlEEbjdtbJlZlRWNnuyrJXgFXXdCCHbTUyCbpoIUILwrqDT', dateAdded=2020-04-28}
3493 [main] DEBUG c.e.b.c.daoImpl.ProjectJdbcDaoImpl - Create new project Project{projectId=null, description='iRdNzpEYOHGtNyOGzNmeTgbZffXXvhwqChDMghGwXShJmhAgSygEwjlEEbjdtbJlZlRWNnuyrJXgFXXdCCHbTUyCbpoIUILwrqDT', dateAdded=2020-04-28}
3502 [main] DEBUG c.e.b.c.daoImpl.ProjectJdbcDaoImpl - Date 2020-04-28
3503 [main] DEBUG c.e.b.c.service.ProjectsServiceImpl - Find by id - findById() projectId = 5
3507 [main] DEBUG c.e.b.c.daoImpl.ProjectJdbcDaoImpl - List of projects - size=:  1 
3515 [main] DEBUG c.e.b.c.service.ProjectsServiceImpl - Create project - create(): project = Project{projectId=null, description='FCiTsOCZWUQjkMgZWQyedbpxEOzUmqrScbcoWKrnneErzqaDluqQTOvMmgvKhXYmQZVakBPhSEQFMDISFUMffrxLqeBcvZDmtzpo', dateAdded=2020-04-28}
3526 [main] DEBUG c.e.b.c.daoImpl.ProjectJdbcDaoImpl - Create new project Project{projectId=null, description='FCiTsOCZWUQjkMgZWQyedbpxEOzUmqrScbcoWKrnneErzqaDluqQTOvMmgvKhXYmQZVakBPhSEQFMDISFUMffrxLqeBcvZDmtzpo', dateAdded=2020-04-28}
3529 [main] DEBUG c.e.b.c.daoImpl.ProjectJdbcDaoImpl - Date 2020-04-28
3531 [main] DEBUG c.e.b.c.service.ProjectsServiceImpl - Delete project - delete() projectId = 6
3531 [main] DEBUG c.e.b.c.daoImpl.ProjectJdbcDaoImpl - Delete project by id 6
3553 [main] DEBUG c.e.b.c.service.ProjectsServiceImpl - Find by id - findById() projectId = 6
3571 [main] DEBUG c.e.b.c.daoImpl.ProjectJdbcDaoImpl - List of projects - size=:  0 
3596 [main] DEBUG c.e.b.c.service.ProjectsServiceImpl - Create project - create(): project = Project{projectId=null, description='TextBeforeUpdate', dateAdded=2020-04-28}
3600 [main] DEBUG c.e.b.c.daoImpl.ProjectJdbcDaoImpl - Create new project Project{projectId=null, description='TextBeforeUpdate', dateAdded=2020-04-28}
3613 [main] DEBUG c.e.b.c.daoImpl.ProjectJdbcDaoImpl - Date 2020-04-28
3613 [main] DEBUG c.e.b.c.service.ProjectsServiceImpl - Find by id - findById() projectId = 7
3620 [main] DEBUG c.e.b.c.daoImpl.ProjectJdbcDaoImpl - List of projects - size=:  1 
3620 [main] DEBUG c.e.b.c.service.ProjectsServiceImpl - Update project - update(): project = Project{projectId=7, description='TextAfterUpdate', dateAdded=2020-04-28}
3621 [main] DEBUG c.e.b.c.daoImpl.ProjectJdbcDaoImpl - Date = :      2020-04-28
3632 [main] DEBUG c.e.b.c.service.ProjectsServiceImpl - Find by id - findById() projectId = 7
3644 [main] DEBUG c.e.b.c.daoImpl.ProjectJdbcDaoImpl - List of projects - size=:  1 
3677 [main] DEBUG c.e.b.c.service.ProjectsServiceImpl - Find all projects - findAll()
3678 [main] DEBUG c.e.b.c.daoImpl.ProjectJdbcDaoImpl - fidAll()
3755 [main] DEBUG c.e.b.c.s.DevelopersServiceImpl - create() developer = Developers{developerId=null, firstName='tzFoDqIXPjxsHmHFDmwp', lastName='RyDxuFUJNKRbruiUoCzW'}
3755 [main] DEBUG c.e.b.c.d.DevelopersJdbcDaoImpl - Create developer = Developers{developerId=null, firstName='tzFoDqIXPjxsHmHFDmwp', lastName='RyDxuFUJNKRbruiUoCzW'} 
3758 [main] DEBUG c.e.b.c.d.DevelopersJdbcDaoImpl - Res = 1 
3759 [main] DEBUG c.e.b.c.s.DevelopersServiceImpl - findById developerId = 9
3759 [main] DEBUG c.e.b.c.d.DevelopersJdbcDaoImpl - FindById developerId = 9
3780 [main] DEBUG c.e.b.c.s.DevelopersServiceImpl - create() developer = Developers{developerId=null, firstName='PSvprKmcLHhpsKjIzWJi', lastName='JcFmZeSTOLPAttnAwVgX'}
3780 [main] DEBUG c.e.b.c.d.DevelopersJdbcDaoImpl - Create developer = Developers{developerId=null, firstName='PSvprKmcLHhpsKjIzWJi', lastName='JcFmZeSTOLPAttnAwVgX'} 
3783 [main] DEBUG c.e.b.c.d.DevelopersJdbcDaoImpl - Res = 1 
3783 [main] DEBUG c.e.b.c.s.DevelopersServiceImpl - findById developerId = 10
3783 [main] DEBUG c.e.b.c.d.DevelopersJdbcDaoImpl - FindById developerId = 10
3794 [main] DEBUG c.e.b.c.s.DevelopersServiceImpl - create() developer = Developers{developerId=null, firstName='eZpepGOjTRnYNqsevJrm', lastName='qDTnqaelhWVtMrKiqQHj'}
3794 [main] DEBUG c.e.b.c.d.DevelopersJdbcDaoImpl - Create developer = Developers{developerId=null, firstName='eZpepGOjTRnYNqsevJrm', lastName='qDTnqaelhWVtMrKiqQHj'} 
3797 [main] DEBUG c.e.b.c.d.DevelopersJdbcDaoImpl - Res = 1 
3797 [main] DEBUG c.e.b.c.s.DevelopersServiceImpl - delete() developerId = 11
3798 [main] DEBUG c.e.b.c.d.DevelopersJdbcDaoImpl - Delete developerId = 11
3805 [main] DEBUG c.e.b.c.s.DevelopersServiceImpl - findById developerId = 11
3805 [main] DEBUG c.e.b.c.d.DevelopersJdbcDaoImpl - FindById developerId = 11
3826 [main] DEBUG c.e.b.c.s.DevelopersServiceImpl - create() developer = Developers{developerId=null, firstName='WqiRCLRiWkQQqToOvNiu', lastName='BKxRdEXKqHDRFryhOenS'}
3826 [main] DEBUG c.e.b.c.d.DevelopersJdbcDaoImpl - Create developer = Developers{developerId=null, firstName='WqiRCLRiWkQQqToOvNiu', lastName='BKxRdEXKqHDRFryhOenS'} 
3829 [main] DEBUG c.e.b.c.d.DevelopersJdbcDaoImpl - Res = 1 
3830 [main] DEBUG c.e.b.c.s.DevelopersServiceImpl - findById developerId = 12
3830 [main] DEBUG c.e.b.c.d.DevelopersJdbcDaoImpl - FindById developerId = 12
3834 [main] DEBUG c.e.b.c.s.DevelopersServiceImpl - update() developer = Developers{developerId=12, firstName='XyaNHlOESsGfVCtByalG', lastName='yPRMkQJQVFageoYieKAg'}
3834 [main] DEBUG c.e.b.c.d.DevelopersJdbcDaoImpl - Update developer = Developers{developerId=12, firstName='XyaNHlOESsGfVCtByalG', lastName='yPRMkQJQVFageoYieKAg'}
3837 [main] DEBUG c.e.b.c.d.DevelopersJdbcDaoImpl - Result = 1
3837 [main] DEBUG c.e.b.c.s.DevelopersServiceImpl - findById developerId = 12
3837 [main] DEBUG c.e.b.c.d.DevelopersJdbcDaoImpl - FindById developerId = 12
3847 [main] DEBUG c.e.b.c.s.DevelopersServiceImpl - findAll()
3848 [main] DEBUG c.e.b.c.d.DevelopersJdbcDaoImpl - FindAll
3876 [main] DEBUG c.e.b.c.service.ProjectsServiceImpl - Create project - create(): project = Project{projectId=null, description='XWCmbnDmXRRMDPAdBUtYlazVlPtVqhgIjQSgTYMvVzuoeldnNKfOxxoXuxXwfYysXHtpOkZnweqEKhmICTFZNAuskLOOERjNzzSi', dateAdded=2020-04-28}
3879 [main] DEBUG c.e.b.c.daoImpl.ProjectJdbcDaoImpl - Create new project Project{projectId=null, description='XWCmbnDmXRRMDPAdBUtYlazVlPtVqhgIjQSgTYMvVzuoeldnNKfOxxoXuxXwfYysXHtpOkZnweqEKhmICTFZNAuskLOOERjNzzSi', dateAdded=2020-04-28}
3882 [main] DEBUG c.e.b.c.daoImpl.ProjectJdbcDaoImpl - Date 2020-04-28
3882 [main] DEBUG c.e.b.c.service.ProjectsServiceImpl - Create project - create(): project = Project{projectId=null, description='WAUybUhCRmMFlDaYEKuEStBEiGkrItRVCKzCYAyrlguXYOXhuARxvQmLHCOYaLKPZdNpKxSYQwoSIfLFOJSYzzivfIEhAeaxIKJm', dateAdded=2020-04-28}
3885 [main] DEBUG c.e.b.c.daoImpl.ProjectJdbcDaoImpl - Create new project Project{projectId=null, description='WAUybUhCRmMFlDaYEKuEStBEiGkrItRVCKzCYAyrlguXYOXhuARxvQmLHCOYaLKPZdNpKxSYQwoSIfLFOJSYzzivfIEhAeaxIKJm', dateAdded=2020-04-28}
3888 [main] DEBUG c.e.b.c.daoImpl.ProjectJdbcDaoImpl - Date 2020-04-28
3889 [main] DEBUG c.e.b.c.s.ProjectsDtoServiceImpl - Find project between dates - findBetweenDates
3889 [main] DEBUG c.e.b.c.d.ProjectJdbcDaoDtoImpl - findBetweenDates. DateStart = 2020-04-28 DateEnd = 2020-04-28
3915 [main] DEBUG c.e.b.c.s.ProjectsDtoServiceImpl - Count of developers - countOfDevelopers()
3916 [main] DEBUG c.e.b.c.d.ProjectJdbcDaoDtoImpl - CountOfDevelopers()
3960 [main] DEBUG c.e.b.c.s.DevelopersServiceImpl - create() developer = Developers{developerId=null, firstName='xcaHHwNpzAiaibKMkkpB', lastName='xtzIFWaPOjNyjSvqoXPQ'}
3960 [main] DEBUG c.e.b.c.d.DevelopersJdbcDaoImpl - Create developer = Developers{developerId=null, firstName='xcaHHwNpzAiaibKMkkpB', lastName='xtzIFWaPOjNyjSvqoXPQ'} 
3963 [main] DEBUG c.e.b.c.d.DevelopersJdbcDaoImpl - Res = 1 
3963 [main] DEBUG c.e.b.c.s.DevelopersServiceImpl - create() developer = Developers{developerId=null, firstName='xcaHHwNpzAiaibKMkkpB', lastName='xtzIFWaPOjNyjSvqoXPQ'}
3963 [main] DEBUG c.e.b.c.d.DevelopersJdbcDaoImpl - Create developer = Developers{developerId=null, firstName='xcaHHwNpzAiaibKMkkpB', lastName='xtzIFWaPOjNyjSvqoXPQ'} 
3981 [main] DEBUG c.e.b.c.d.DevelopersJdbcDaoImpl - Res = 1 
3982 [main] DEBUG c.e.b.c.service.ProjectsServiceImpl - Create project - create(): project = Project{projectId=null, description='LGateDUffQgqKkzNAwUosrAmbVyxLyhIqOeosOeDBqmFSDVVvhzpywFXHVZCsFjHDzaYAvRRdDpuUKcDuUDHtdiLicJWWVPSvguW', dateAdded=2020-04-28}
3985 [main] DEBUG c.e.b.c.daoImpl.ProjectJdbcDaoImpl - Create new project Project{projectId=null, description='LGateDUffQgqKkzNAwUosrAmbVyxLyhIqOeosOeDBqmFSDVVvhzpywFXHVZCsFjHDzaYAvRRdDpuUKcDuUDHtdiLicJWWVPSvguW', dateAdded=2020-04-28}
4004 [main] DEBUG c.e.b.c.daoImpl.ProjectJdbcDaoImpl - Date 2020-04-28
4004 [main] DEBUG c.e.b.c.s.Projects_DevelopersServiceImpl - SERVICE addDeveloperToProjects_Developers(). Project id = 10, Developer id = 13
4004 [main] DEBUG c.e.b.c.d.Projects_DevelopersJdbcDaoImpl - DAO addDeveloperToProjects_Developers() Project id = 10. Developer id = 13
4028 [main] DEBUG c.e.b.c.s.Projects_DevelopersServiceImpl - SERVICE addDeveloperToProjects_Developers(). Project id = 10, Developer id = 14
4029 [main] DEBUG c.e.b.c.d.Projects_DevelopersJdbcDaoImpl - DAO addDeveloperToProjects_Developers() Project id = 10. Developer id = 14
4041 [main] DEBUG c.e.b.c.s.Projects_DevelopersServiceImpl - SERVICE selectDevelopersFromProjects_Developers(). Project id = 10
4041 [main] DEBUG c.e.b.c.d.Projects_DevelopersJdbcDaoImpl - DAO SelectDeveloperFromProjects_Developers(). Project id = 10
4064 [main] DEBUG c.e.b.c.s.Projects_DevelopersServiceImpl - Developer's list size = 2
4106 [main] DEBUG c.e.b.c.s.DevelopersServiceImpl - create() developer = Developers{developerId=null, firstName='hQZVVHfhBMfEVSfGoEri', lastName='DAEAwltyoPxDgVSSmKSt'}
4107 [main] DEBUG c.e.b.c.d.DevelopersJdbcDaoImpl - Create developer = Developers{developerId=null, firstName='hQZVVHfhBMfEVSfGoEri', lastName='DAEAwltyoPxDgVSSmKSt'} 
4113 [main] DEBUG c.e.b.c.d.DevelopersJdbcDaoImpl - Res = 1 
4113 [main] DEBUG c.e.b.c.service.ProjectsServiceImpl - Create project - create(): project = Project{projectId=null, description='DXfVzfTuCaztNAEqrkeMrnQYzCxUkPVNfHfBwfdiiFBcQOycXAjKqqMltRonVzsgWubYuZhSTVXWUrEFIblrzmfFHYppwhTWZWfu', dateAdded=2020-04-28}
4129 [main] DEBUG c.e.b.c.daoImpl.ProjectJdbcDaoImpl - Create new project Project{projectId=null, description='DXfVzfTuCaztNAEqrkeMrnQYzCxUkPVNfHfBwfdiiFBcQOycXAjKqqMltRonVzsgWubYuZhSTVXWUrEFIblrzmfFHYppwhTWZWfu', dateAdded=2020-04-28}
4131 [main] DEBUG c.e.b.c.daoImpl.ProjectJdbcDaoImpl - Date 2020-04-28
4131 [main] DEBUG c.e.b.c.s.Projects_DevelopersServiceImpl - SERVICE addDeveloperToProjects_Developers(). Project id = 11, Developer id = 15
4131 [main] DEBUG c.e.b.c.d.Projects_DevelopersJdbcDaoImpl - DAO addDeveloperToProjects_Developers() Project id = 11. Developer id = 15
4146 [main] DEBUG c.e.b.c.s.Projects_DevelopersServiceImpl - SERVICE selectDevelopersFromProjects_Developers(). Project id = 11
4146 [main] DEBUG c.e.b.c.d.Projects_DevelopersJdbcDaoImpl - DAO SelectDeveloperFromProjects_Developers(). Project id = 11
4151 [main] DEBUG c.e.b.c.s.Projects_DevelopersServiceImpl - Developer's list size = 1
4151 [main] DEBUG c.e.b.c.s.Projects_DevelopersServiceImpl - SERVICE deleteDeveloperFromProject_Developers(). Developer id = 15
4151 [main] DEBUG c.e.b.c.d.Projects_DevelopersJdbcDaoImpl - DAO deleteDeveloperFromProject_Developers(). Developer id = 15, Project id = 11
4166 [main] DEBUG c.e.b.c.s.Projects_DevelopersServiceImpl - SERVICE selectDevelopersFromProjects_Developers(). Project id = 11
4167 [main] DEBUG c.e.b.c.d.Projects_DevelopersJdbcDaoImpl - DAO SelectDeveloperFromProjects_Developers(). Project id = 11
4170 [main] DEBUG c.e.b.c.s.Projects_DevelopersServiceImpl - Developer's list size = 0
4187 [main] DEBUG c.e.b.c.s.DevelopersServiceImpl - create() developer = Developers{developerId=null, firstName='bSKpzMLjhrDmAjbIQMOZ', lastName='aCWtnsvTReApBLFiepbv'}
4187 [main] DEBUG c.e.b.c.d.DevelopersJdbcDaoImpl - Create developer = Developers{developerId=null, firstName='bSKpzMLjhrDmAjbIQMOZ', lastName='aCWtnsvTReApBLFiepbv'} 
4197 [main] DEBUG c.e.b.c.d.DevelopersJdbcDaoImpl - Res = 1 
4197 [main] DEBUG c.e.b.c.service.ProjectsServiceImpl - Create project - create(): project = Project{projectId=null, description='nEfgwxjdgCtrzvzcMWdMaNtacnXvVqzIYVbkVTzokUdjYiKepMPspEaidSRGsSXRCHeYBZjYdgiidpGUDBNwezhcFysErzjSbuiv', dateAdded=2020-04-28}
4199 [main] DEBUG c.e.b.c.daoImpl.ProjectJdbcDaoImpl - Create new project Project{projectId=null, description='nEfgwxjdgCtrzvzcMWdMaNtacnXvVqzIYVbkVTzokUdjYiKepMPspEaidSRGsSXRCHeYBZjYdgiidpGUDBNwezhcFysErzjSbuiv', dateAdded=2020-04-28}
4202 [main] DEBUG c.e.b.c.daoImpl.ProjectJdbcDaoImpl - Date 2020-04-28
4202 [main] DEBUG c.e.b.c.s.Projects_DevelopersServiceImpl - SERVICE addDeveloperToProjects_Developers(). Project id = 12, Developer id = 16
4202 [main] DEBUG c.e.b.c.d.Projects_DevelopersJdbcDaoImpl - DAO addDeveloperToProjects_Developers() Project id = 12. Developer id = 16
4205 [main] DEBUG c.e.b.c.s.Projects_DevelopersServiceImpl - SERVICE selectDevelopersFromProjects_Developers(). Project id = 12
4206 [main] DEBUG c.e.b.c.d.Projects_DevelopersJdbcDaoImpl - DAO SelectDeveloperFromProjects_Developers(). Project id = 12
4211 [main] DEBUG c.e.b.c.s.Projects_DevelopersServiceImpl - Developer's list size = 1
